2025-08-09 08:42:46 - TrendMomentumX - INFO - Initializing TrendMomentumX Strategy...
2025-08-09 08:42:46 - TrendMomentumX - INFO - Configuration: {'instrument': 'ES', 'timeframes': ['15s', '1min', '5min', '15min'], 'risk': {'per_trade': 0.005, 'rr_ratio': 2.0, 'max_daily_loss': 0.03, 'max_weekly_loss': 0.05, 'max_concurrent': 3}, 'filters': {'volume_threshold': 0.2, 'imbalance_long': 1.5, 'imbalance_short': 0.6667, 'iceberg_check': True}, 'indicators': {'ema': {'fast': 50, 'slow': 200}, 'macd': {'fast': 12, 'slow': 26, 'signal': 9}, 'rsi': {'period': 14, 'oversold': 30, 'overbought': 70}, 'wae': {'sensitivity': 150}, 'sar': {'af': 0.02, 'max_af': 0.2}}, 'exits': {'time_minutes': 5, 'breakeven_trigger': 1.0, 'breakeven_offset_ticks': 5}, 'mode': 'paper'}
2025-08-09 08:42:46 - TrendMomentumX - INFO - Strategy initialized successfully
2025-08-09 08:42:46 - TrendMomentumX - INFO - Initializing TrendMomentumX Strategy...
2025-08-09 08:42:46 - TrendMomentumX - INFO - Configuration: {'instrument': 'ES', 'timeframes': ['15s', '1min', '5min', '15min'], 'risk': {'per_trade': 0.005, 'rr_ratio': 2.0, 'max_daily_loss': 0.03, 'max_weekly_loss': 0.05, 'max_concurrent': 3}, 'filters': {'volume_threshold': 0.2, 'imbalance_long': 1.5, 'imbalance_short': 0.6667, 'iceberg_check': True}, 'indicators': {'ema': {'fast': 50, 'slow': 200}, 'macd': {'fast': 12, 'slow': 26, 'signal': 9}, 'rsi': {'period': 14, 'oversold': 30, 'overbought': 70}, 'wae': {'sensitivity': 150}, 'sar': {'af': 0.02, 'max_af': 0.2}}, 'exits': {'time_minutes': 5, 'breakeven_trigger': 1.0, 'breakeven_offset_ticks': 5}, 'mode': 'paper'}
2025-08-09 08:42:46 - TrendMomentumX - INFO - Strategy initialized successfully
2025-08-09 08:42:46 - TrendMomentumX - INFO - Initializing TrendMomentumX Strategy...
2025-08-09 08:42:46 - TrendMomentumX - INFO - Configuration: {'instrument': 'ES', 'timeframes': ['15s', '1min', '5min', '15min'], 'risk': {'per_trade': 0.005, 'rr_ratio': 2.0, 'max_daily_loss': 0.03, 'max_weekly_loss': 0.05, 'max_concurrent': 3}, 'filters': {'volume_threshold': 0.2, 'imbalance_long': 1.5, 'imbalance_short': 0.6667, 'iceberg_check': True}, 'indicators': {'ema': {'fast': 50, 'slow': 200}, 'macd': {'fast': 12, 'slow': 26, 'signal': 9}, 'rsi': {'period': 14, 'oversold': 30, 'overbought': 70}, 'wae': {'sensitivity': 150}, 'sar': {'af': 0.02, 'max_af': 0.2}}, 'exits': {'time_minutes': 5, 'breakeven_trigger': 1.0, 'breakeven_offset_ticks': 5}, 'mode': 'paper'}
2025-08-09 08:42:46 - TrendMomentumX - INFO - Strategy initialized successfully
2025-08-09 08:42:46 - TrendMomentumX - INFO - Long signal detected: {'rsi': 45, 'wae': True}
2025-08-09 08:42:46 - TrendMomentumX - INFO - Long entry confirmed by orderbook
2025-08-09 08:42:46 - TrendMomentumX - INFO - Initializing TrendMomentumX Strategy...
2025-08-09 08:42:46 - TrendMomentumX - INFO - Configuration: {'instrument': 'ES', 'timeframes': ['15s', '1min', '5min', '15min'], 'risk': {'per_trade': 0.005, 'rr_ratio': 2.0, 'max_daily_loss': 0.03, 'max_weekly_loss': 0.05, 'max_concurrent': 3}, 'filters': {'volume_threshold': 0.2, 'imbalance_long': 1.5, 'imbalance_short': 0.6667, 'iceberg_check': True}, 'indicators': {'ema': {'fast': 50, 'slow': 200}, 'macd': {'fast': 12, 'slow': 26, 'signal': 9}, 'rsi': {'period': 14, 'oversold': 30, 'overbought': 70}, 'wae': {'sensitivity': 150}, 'sar': {'af': 0.02, 'max_af': 0.2}}, 'exits': {'time_minutes': 5, 'breakeven_trigger': 1.0, 'breakeven_offset_ticks': 5}, 'mode': 'paper'}
2025-08-09 08:42:46 - TrendMomentumX - INFO - Strategy initialized successfully
2025-08-09 08:42:46 - TrendMomentumX - INFO - Initializing TrendMomentumX Strategy...
2025-08-09 08:42:46 - TrendMomentumX - INFO - Configuration: {'instrument': 'ES', 'timeframes': ['15s', '1min', '5min', '15min'], 'risk': {'per_trade': 0.005, 'rr_ratio': 2.0, 'max_daily_loss': 0.03, 'max_weekly_loss': 0.05, 'max_concurrent': 3}, 'filters': {'volume_threshold': 0.2, 'imbalance_long': 1.5, 'imbalance_short': 0.6667, 'iceberg_check': True}, 'indicators': {'ema': {'fast': 50, 'slow': 200}, 'macd': {'fast': 12, 'slow': 26, 'signal': 9}, 'rsi': {'period': 14, 'oversold': 30, 'overbought': 70}, 'wae': {'sensitivity': 150}, 'sar': {'af': 0.02, 'max_af': 0.2}}, 'exits': {'time_minutes': 5, 'breakeven_trigger': 1.0, 'breakeven_offset_ticks': 5}, 'mode': 'paper'}
2025-08-09 08:42:46 - TrendMomentumX - INFO - Strategy initialized successfully
2025-08-09 08:42:46 - TrendMomentumX - INFO - Placing long order: Size=2, Entry=5000.00, Stop=4995.00, Target=5010.00
2025-08-09 08:42:46 - TrendMomentumX - INFO - Order placed successfully: ORDER123
2025-08-09 08:42:46 - TrendMomentumX - INFO - Initializing TrendMomentumX Strategy...
2025-08-09 08:42:46 - TrendMomentumX - INFO - Configuration: {'instrument': 'ES', 'timeframes': ['15s', '1min', '5min', '15min'], 'risk': {'per_trade': 0.005, 'rr_ratio': 2.0, 'max_daily_loss': 0.03, 'max_weekly_loss': 0.05, 'max_concurrent': 3}, 'filters': {'volume_threshold': 0.2, 'imbalance_long': 1.5, 'imbalance_short': 0.6667, 'iceberg_check': True}, 'indicators': {'ema': {'fast': 50, 'slow': 200}, 'macd': {'fast': 12, 'slow': 26, 'signal': 9}, 'rsi': {'period': 14, 'oversold': 30, 'overbought': 70}, 'wae': {'sensitivity': 150}, 'sar': {'af': 0.02, 'max_af': 0.2}}, 'exits': {'time_minutes': 5, 'breakeven_trigger': 1.0, 'breakeven_offset_ticks': 5}, 'mode': 'paper'}
2025-08-09 08:42:46 - TrendMomentumX - INFO - Strategy initialized successfully
2025-08-09 08:42:46 - TrendMomentumX - INFO - Position POS123 closed with P&L: 250.00
2025-08-09 08:42:46 - TrendMomentumX - INFO - Initializing TrendMomentumX Strategy...
2025-08-09 08:42:46 - TrendMomentumX - INFO - Configuration: {'instrument': 'ES', 'timeframes': ['15s', '1min', '5min', '15min'], 'risk': {'per_trade': 0.005, 'rr_ratio': 2.0, 'max_daily_loss': 0.03, 'max_weekly_loss': 0.05, 'max_concurrent': 3}, 'filters': {'volume_threshold': 0.2, 'imbalance_long': 1.5, 'imbalance_short': 0.6667, 'iceberg_check': True}, 'indicators': {'ema': {'fast': 50, 'slow': 200}, 'macd': {'fast': 12, 'slow': 26, 'signal': 9}, 'rsi': {'period': 14, 'oversold': 30, 'overbought': 70}, 'wae': {'sensitivity': 150}, 'sar': {'af': 0.02, 'max_af': 0.2}}, 'exits': {'time_minutes': 5, 'breakeven_trigger': 1.0, 'breakeven_offset_ticks': 5}, 'mode': 'paper'}
2025-08-09 08:42:46 - TrendMomentumX - INFO - Strategy initialized successfully
2025-08-09 08:42:46 - TrendMomentumX - INFO - Shutting down strategy...
2025-08-09 08:42:46 - TrendMomentumX - WARNING - Closing 2 active positions...
2025-08-09 08:42:46 - TrendMomentumX - INFO - Strategy shutdown complete
2025-08-09 08:42:46 - TrendMomentumX - INFO - Initializing TrendMomentumX Strategy...
2025-08-09 08:42:46 - TrendMomentumX - INFO - Configuration: {'instrument': 'ES', 'timeframes': ['15s', '1min', '5min', '15min'], 'risk': {'per_trade': 0.005, 'rr_ratio': 2.0, 'max_daily_loss': 0.03, 'max_weekly_loss': 0.05, 'max_concurrent': 3}, 'filters': {'volume_threshold': 0.2, 'imbalance_long': 1.5, 'imbalance_short': 0.6667, 'iceberg_check': True}, 'indicators': {'ema': {'fast': 50, 'slow': 200}, 'macd': {'fast': 12, 'slow': 26, 'signal': 9}, 'rsi': {'period': 14, 'oversold': 30, 'overbought': 70}, 'wae': {'sensitivity': 150}, 'sar': {'af': 0.02, 'max_af': 0.2}}, 'exits': {'time_minutes': 5, 'breakeven_trigger': 1.0, 'breakeven_offset_ticks': 5}, 'mode': 'paper'}
2025-08-09 08:42:46 - TrendMomentumX - INFO - Strategy initialized successfully
2025-08-09 08:42:46 - TrendMomentumX - INFO - Initializing TrendMomentumX Strategy...
2025-08-09 08:42:46 - TrendMomentumX - INFO - Configuration: {'instrument': 'ES', 'timeframes': ['15s', '1min', '5min', '15min'], 'risk': {'per_trade': 0.005, 'rr_ratio': 2.0, 'max_daily_loss': 0.03, 'max_weekly_loss': 0.05, 'max_concurrent': 3}, 'filters': {'volume_threshold': 0.2, 'imbalance_long': 1.5, 'imbalance_short': 0.6667, 'iceberg_check': True}, 'indicators': {'ema': {'fast': 50, 'slow': 200}, 'macd': {'fast': 12, 'slow': 26, 'signal': 9}, 'rsi': {'period': 14, 'oversold': 30, 'overbought': 70}, 'wae': {'sensitivity': 150}, 'sar': {'af': 0.02, 'max_af': 0.2}}, 'exits': {'time_minutes': 5, 'breakeven_trigger': 1.0, 'breakeven_offset_ticks': 5}, 'mode': 'paper'}
2025-08-09 08:42:46 - TrendMomentumX - INFO - Strategy initialized successfully
2025-08-09 08:42:46 - TrendMomentumX - INFO - Strategy running in paper mode
2025-08-09 08:42:46 - TrendMomentumX - INFO - Press Ctrl+C to stop
2025-08-09 08:42:47 - TrendMomentumX - INFO - Daily P&L reset
2025-08-09 08:42:47 - TrendMomentumX - INFO - Shutting down strategy...
2025-08-09 08:42:47 - TrendMomentumX - INFO - Strategy shutdown complete
2025-08-09 08:42:47 - TrendMomentumX - INFO - Initializing TrendMomentumX Strategy...
2025-08-09 08:42:47 - TrendMomentumX - INFO - Configuration: {'instrument': 'ES', 'timeframes': ['15s', '1min', '5min', '15min'], 'risk': {'per_trade': 0.005, 'rr_ratio': 2.0, 'max_daily_loss': 0.03, 'max_weekly_loss': 0.05, 'max_concurrent': 3}, 'filters': {'volume_threshold': 0.2, 'imbalance_long': 1.5, 'imbalance_short': 0.6667, 'iceberg_check': True}, 'indicators': {'ema': {'fast': 50, 'slow': 200}, 'macd': {'fast': 12, 'slow': 26, 'signal': 9}, 'rsi': {'period': 14, 'oversold': 30, 'overbought': 70}, 'wae': {'sensitivity': 150}, 'sar': {'af': 0.02, 'max_af': 0.2}}, 'exits': {'time_minutes': 5, 'breakeven_trigger': 1.0, 'breakeven_offset_ticks': 5}, 'mode': 'paper'}
2025-08-09 08:42:47 - TrendMomentumX - INFO - Strategy initialized successfully
2025-08-09 08:42:47 - TrendMomentumX - INFO - Long signal detected: {'signal': 'valid'}
2025-08-09 08:42:47 - TrendMomentumX - INFO - Long entry confirmed by orderbook
2025-08-09 08:42:47 - TrendMomentumX - INFO - Initializing TrendMomentumX Strategy...
2025-08-09 08:42:47 - TrendMomentumX - INFO - Configuration: {'instrument': 'ES', 'timeframes': ['15s', '1min', '5min', '15min'], 'risk': {'per_trade': 0.005, 'rr_ratio': 2.0, 'max_daily_loss': 0.03, 'max_weekly_loss': 0.05, 'max_concurrent': 3}, 'filters': {'volume_threshold': 0.2, 'imbalance_long': 1.5, 'imbalance_short': 0.6667, 'iceberg_check': True}, 'indicators': {'ema': {'fast': 50, 'slow': 200}, 'macd': {'fast': 12, 'slow': 26, 'signal': 9}, 'rsi': {'period': 14, 'oversold': 30, 'overbought': 70}, 'wae': {'sensitivity': 150}, 'sar': {'af': 0.02, 'max_af': 0.2}}, 'exits': {'time_minutes': 5, 'breakeven_trigger': 1.0, 'breakeven_offset_ticks': 5}, 'mode': 'paper'}
2025-08-09 08:42:47 - TrendMomentumX - INFO - Strategy initialized successfully
2025-08-09 08:42:47 - TrendMomentumX - INFO - Short signal detected: {'signal': 'valid'}
2025-08-09 08:45:29 - TrendMomentumX - INFO - Initializing TrendMomentumX Strategy...
2025-08-09 08:45:29 - TrendMomentumX - INFO - Configuration: {'instrument': 'ES', 'timeframes': ['15s', '1min', '5min', '15min'], 'risk': {'per_trade': 0.005, 'rr_ratio': 2.0, 'max_daily_loss': 0.03, 'max_weekly_loss': 0.05, 'max_concurrent': 3}, 'filters': {'volume_threshold': 0.2, 'imbalance_long': 1.5, 'imbalance_short': 0.6667, 'iceberg_check': True}, 'indicators': {'ema': {'fast': 50, 'slow': 200}, 'macd': {'fast': 12, 'slow': 26, 'signal': 9}, 'rsi': {'period': 14, 'oversold': 30, 'overbought': 70}, 'wae': {'sensitivity': 150}, 'sar': {'af': 0.02, 'max_af': 0.2}}, 'exits': {'time_minutes': 5, 'breakeven_trigger': 1.0, 'breakeven_offset_ticks': 5}, 'mode': 'paper'}
2025-08-09 08:45:29 - TrendMomentumX - INFO - Strategy initialized successfully
2025-08-09 08:45:29 - TrendMomentumX - INFO - Initializing TrendMomentumX Strategy...
2025-08-09 08:45:29 - TrendMomentumX - INFO - Configuration: {'instrument': 'ES', 'timeframes': ['15s', '1min', '5min', '15min'], 'risk': {'per_trade': 0.005, 'rr_ratio': 2.0, 'max_daily_loss': 0.03, 'max_weekly_loss': 0.05, 'max_concurrent': 3}, 'filters': {'volume_threshold': 0.2, 'imbalance_long': 1.5, 'imbalance_short': 0.6667, 'iceberg_check': True}, 'indicators': {'ema': {'fast': 50, 'slow': 200}, 'macd': {'fast': 12, 'slow': 26, 'signal': 9}, 'rsi': {'period': 14, 'oversold': 30, 'overbought': 70}, 'wae': {'sensitivity': 150}, 'sar': {'af': 0.02, 'max_af': 0.2}}, 'exits': {'time_minutes': 5, 'breakeven_trigger': 1.0, 'breakeven_offset_ticks': 5}, 'mode': 'paper'}
2025-08-09 08:45:29 - TrendMomentumX - INFO - Strategy initialized successfully
2025-08-09 08:45:29 - TrendMomentumX - INFO - Initializing TrendMomentumX Strategy...
2025-08-09 08:45:29 - TrendMomentumX - INFO - Configuration: {'instrument': 'ES', 'timeframes': ['15s', '1min', '5min', '15min'], 'risk': {'per_trade': 0.005, 'rr_ratio': 2.0, 'max_daily_loss': 0.03, 'max_weekly_loss': 0.05, 'max_concurrent': 3}, 'filters': {'volume_threshold': 0.2, 'imbalance_long': 1.5, 'imbalance_short': 0.6667, 'iceberg_check': True}, 'indicators': {'ema': {'fast': 50, 'slow': 200}, 'macd': {'fast': 12, 'slow': 26, 'signal': 9}, 'rsi': {'period': 14, 'oversold': 30, 'overbought': 70}, 'wae': {'sensitivity': 150}, 'sar': {'af': 0.02, 'max_af': 0.2}}, 'exits': {'time_minutes': 5, 'breakeven_trigger': 1.0, 'breakeven_offset_ticks': 5}, 'mode': 'paper'}
2025-08-09 08:45:29 - TrendMomentumX - INFO - Strategy initialized successfully
2025-08-09 08:45:29 - TrendMomentumX - INFO - Initializing TrendMomentumX Strategy...
2025-08-09 08:45:29 - TrendMomentumX - INFO - Configuration: {'instrument': 'ES', 'timeframes': ['15s', '1min', '5min', '15min'], 'risk': {'per_trade': 0.005, 'rr_ratio': 2.0, 'max_daily_loss': 0.03, 'max_weekly_loss': 0.05, 'max_concurrent': 3}, 'filters': {'volume_threshold': 0.2, 'imbalance_long': 1.5, 'imbalance_short': 0.6667, 'iceberg_check': True}, 'indicators': {'ema': {'fast': 50, 'slow': 200}, 'macd': {'fast': 12, 'slow': 26, 'signal': 9}, 'rsi': {'period': 14, 'oversold': 30, 'overbought': 70}, 'wae': {'sensitivity': 150}, 'sar': {'af': 0.02, 'max_af': 0.2}}, 'exits': {'time_minutes': 5, 'breakeven_trigger': 1.0, 'breakeven_offset_ticks': 5}, 'mode': 'paper'}
2025-08-09 08:45:29 - TrendMomentumX - INFO - Strategy initialized successfully
2025-08-09 08:45:29 - TrendMomentumX - INFO - Initializing TrendMomentumX Strategy...
2025-08-09 08:45:29 - TrendMomentumX - INFO - Configuration: {'instrument': 'ES', 'timeframes': ['15s', '1min', '5min', '15min'], 'risk': {'per_trade': 0.005, 'rr_ratio': 2.0, 'max_daily_loss': 0.03, 'max_weekly_loss': 0.05, 'max_concurrent': 3}, 'filters': {'volume_threshold': 0.2, 'imbalance_long': 1.5, 'imbalance_short': 0.6667, 'iceberg_check': True}, 'indicators': {'ema': {'fast': 50, 'slow': 200}, 'macd': {'fast': 12, 'slow': 26, 'signal': 9}, 'rsi': {'period': 14, 'oversold': 30, 'overbought': 70}, 'wae': {'sensitivity': 150}, 'sar': {'af': 0.02, 'max_af': 0.2}}, 'exits': {'time_minutes': 5, 'breakeven_trigger': 1.0, 'breakeven_offset_ticks': 5}, 'mode': 'paper'}
2025-08-09 08:45:29 - TrendMomentumX - INFO - Strategy initialized successfully
2025-08-09 08:45:29 - TrendMomentumX - INFO - Long signal detected: {'rsi': 45, 'wae': True}
2025-08-09 08:45:29 - TrendMomentumX - INFO - Long entry confirmed by orderbook
2025-08-09 08:45:29 - TrendMomentumX - INFO - Initializing TrendMomentumX Strategy...
2025-08-09 08:45:29 - TrendMomentumX - INFO - Configuration: {'instrument': 'ES', 'timeframes': ['15s', '1min', '5min', '15min'], 'risk': {'per_trade': 0.005, 'rr_ratio': 2.0, 'max_daily_loss': 0.03, 'max_weekly_loss': 0.05, 'max_concurrent': 3}, 'filters': {'volume_threshold': 0.2, 'imbalance_long': 1.5, 'imbalance_short': 0.6667, 'iceberg_check': True}, 'indicators': {'ema': {'fast': 50, 'slow': 200}, 'macd': {'fast': 12, 'slow': 26, 'signal': 9}, 'rsi': {'period': 14, 'oversold': 30, 'overbought': 70}, 'wae': {'sensitivity': 150}, 'sar': {'af': 0.02, 'max_af': 0.2}}, 'exits': {'time_minutes': 5, 'breakeven_trigger': 1.0, 'breakeven_offset_ticks': 5}, 'mode': 'paper'}
2025-08-09 08:45:29 - TrendMomentumX - INFO - Strategy initialized successfully
2025-08-09 08:45:29 - TrendMomentumX - INFO - Initializing TrendMomentumX Strategy...
2025-08-09 08:45:29 - TrendMomentumX - INFO - Configuration: {'instrument': 'ES', 'timeframes': ['15s', '1min', '5min', '15min'], 'risk': {'per_trade': 0.005, 'rr_ratio': 2.0, 'max_daily_loss': 0.03, 'max_weekly_loss': 0.05, 'max_concurrent': 3}, 'filters': {'volume_threshold': 0.2, 'imbalance_long': 1.5, 'imbalance_short': 0.6667, 'iceberg_check': True}, 'indicators': {'ema': {'fast': 50, 'slow': 200}, 'macd': {'fast': 12, 'slow': 26, 'signal': 9}, 'rsi': {'period': 14, 'oversold': 30, 'overbought': 70}, 'wae': {'sensitivity': 150}, 'sar': {'af': 0.02, 'max_af': 0.2}}, 'exits': {'time_minutes': 5, 'breakeven_trigger': 1.0, 'breakeven_offset_ticks': 5}, 'mode': 'paper'}
2025-08-09 08:45:29 - TrendMomentumX - INFO - Strategy initialized successfully
2025-08-09 08:45:29 - TrendMomentumX - INFO - Placing long order: Size=2, Entry=5000.00, Stop=4995.00, Target=5010.00
2025-08-09 08:45:29 - TrendMomentumX - INFO - Order placed successfully: ORDER123
2025-08-09 08:45:29 - TrendMomentumX - INFO - Initializing TrendMomentumX Strategy...
2025-08-09 08:45:29 - TrendMomentumX - INFO - Configuration: {'instrument': 'ES', 'timeframes': ['15s', '1min', '5min', '15min'], 'risk': {'per_trade': 0.005, 'rr_ratio': 2.0, 'max_daily_loss': 0.03, 'max_weekly_loss': 0.05, 'max_concurrent': 3}, 'filters': {'volume_threshold': 0.2, 'imbalance_long': 1.5, 'imbalance_short': 0.6667, 'iceberg_check': True}, 'indicators': {'ema': {'fast': 50, 'slow': 200}, 'macd': {'fast': 12, 'slow': 26, 'signal': 9}, 'rsi': {'period': 14, 'oversold': 30, 'overbought': 70}, 'wae': {'sensitivity': 150}, 'sar': {'af': 0.02, 'max_af': 0.2}}, 'exits': {'time_minutes': 5, 'breakeven_trigger': 1.0, 'breakeven_offset_ticks': 5}, 'mode': 'paper'}
2025-08-09 08:45:29 - TrendMomentumX - INFO - Strategy initialized successfully
2025-08-09 08:45:29 - TrendMomentumX - INFO - Position POS123 closed with P&L: 250.00
2025-08-09 08:45:29 - TrendMomentumX - INFO - Initializing TrendMomentumX Strategy...
2025-08-09 08:45:29 - TrendMomentumX - INFO - Configuration: {'instrument': 'ES', 'timeframes': ['15s', '1min', '5min', '15min'], 'risk': {'per_trade': 0.005, 'rr_ratio': 2.0, 'max_daily_loss': 0.03, 'max_weekly_loss': 0.05, 'max_concurrent': 3}, 'filters': {'volume_threshold': 0.2, 'imbalance_long': 1.5, 'imbalance_short': 0.6667, 'iceberg_check': True}, 'indicators': {'ema': {'fast': 50, 'slow': 200}, 'macd': {'fast': 12, 'slow': 26, 'signal': 9}, 'rsi': {'period': 14, 'oversold': 30, 'overbought': 70}, 'wae': {'sensitivity': 150}, 'sar': {'af': 0.02, 'max_af': 0.2}}, 'exits': {'time_minutes': 5, 'breakeven_trigger': 1.0, 'breakeven_offset_ticks': 5}, 'mode': 'paper'}
2025-08-09 08:45:29 - TrendMomentumX - INFO - Strategy initialized successfully
2025-08-09 08:45:29 - TrendMomentumX - INFO - Shutting down strategy...
2025-08-09 08:45:29 - TrendMomentumX - WARNING - Closing 2 active positions...
2025-08-09 08:45:29 - TrendMomentumX - INFO - Strategy shutdown complete
2025-08-09 08:45:29 - TrendMomentumX - INFO - Initializing TrendMomentumX Strategy...
2025-08-09 08:45:29 - TrendMomentumX - INFO - Configuration: {'instrument': 'ES', 'timeframes': ['15s', '1min', '5min', '15min'], 'risk': {'per_trade': 0.005, 'rr_ratio': 2.0, 'max_daily_loss': 0.03, 'max_weekly_loss': 0.05, 'max_concurrent': 3}, 'filters': {'volume_threshold': 0.2, 'imbalance_long': 1.5, 'imbalance_short': 0.6667, 'iceberg_check': True}, 'indicators': {'ema': {'fast': 50, 'slow': 200}, 'macd': {'fast': 12, 'slow': 26, 'signal': 9}, 'rsi': {'period': 14, 'oversold': 30, 'overbought': 70}, 'wae': {'sensitivity': 150}, 'sar': {'af': 0.02, 'max_af': 0.2}}, 'exits': {'time_minutes': 5, 'breakeven_trigger': 1.0, 'breakeven_offset_ticks': 5}, 'mode': 'paper'}
2025-08-09 08:45:29 - TrendMomentumX - INFO - Strategy initialized successfully
2025-08-09 08:45:29 - TrendMomentumX - INFO - Initializing TrendMomentumX Strategy...
2025-08-09 08:45:29 - TrendMomentumX - INFO - Configuration: {'instrument': 'ES', 'timeframes': ['15s', '1min', '5min', '15min'], 'risk': {'per_trade': 0.005, 'rr_ratio': 2.0, 'max_daily_loss': 0.03, 'max_weekly_loss': 0.05, 'max_concurrent': 3}, 'filters': {'volume_threshold': 0.2, 'imbalance_long': 1.5, 'imbalance_short': 0.6667, 'iceberg_check': True}, 'indicators': {'ema': {'fast': 50, 'slow': 200}, 'macd': {'fast': 12, 'slow': 26, 'signal': 9}, 'rsi': {'period': 14, 'oversold': 30, 'overbought': 70}, 'wae': {'sensitivity': 150}, 'sar': {'af': 0.02, 'max_af': 0.2}}, 'exits': {'time_minutes': 5, 'breakeven_trigger': 1.0, 'breakeven_offset_ticks': 5}, 'mode': 'paper'}
2025-08-09 08:45:29 - TrendMomentumX - INFO - Strategy initialized successfully
2025-08-09 08:45:29 - TrendMomentumX - INFO - Strategy running in paper mode
2025-08-09 08:45:29 - TrendMomentumX - INFO - Press Ctrl+C to stop
2025-08-09 08:45:30 - TrendMomentumX - INFO - Daily P&L reset
2025-08-09 08:45:30 - TrendMomentumX - INFO - Shutting down strategy...
2025-08-09 08:45:30 - TrendMomentumX - INFO - Strategy shutdown complete
2025-08-09 08:45:30 - TrendMomentumX - INFO - Initializing TrendMomentumX Strategy...
2025-08-09 08:45:30 - TrendMomentumX - INFO - Configuration: {'instrument': 'ES', 'timeframes': ['15s', '1min', '5min', '15min'], 'risk': {'per_trade': 0.005, 'rr_ratio': 2.0, 'max_daily_loss': 0.03, 'max_weekly_loss': 0.05, 'max_concurrent': 3}, 'filters': {'volume_threshold': 0.2, 'imbalance_long': 1.5, 'imbalance_short': 0.6667, 'iceberg_check': True}, 'indicators': {'ema': {'fast': 50, 'slow': 200}, 'macd': {'fast': 12, 'slow': 26, 'signal': 9}, 'rsi': {'period': 14, 'oversold': 30, 'overbought': 70}, 'wae': {'sensitivity': 150}, 'sar': {'af': 0.02, 'max_af': 0.2}}, 'exits': {'time_minutes': 5, 'breakeven_trigger': 1.0, 'breakeven_offset_ticks': 5}, 'mode': 'paper'}
2025-08-09 08:45:30 - TrendMomentumX - INFO - Strategy initialized successfully
2025-08-09 08:45:30 - TrendMomentumX - INFO - Long signal detected: {'signal': 'valid'}
2025-08-09 08:45:30 - TrendMomentumX - INFO - Long entry confirmed by orderbook
2025-08-09 08:45:30 - TrendMomentumX - INFO - Initializing TrendMomentumX Strategy...
2025-08-09 08:45:30 - TrendMomentumX - INFO - Configuration: {'instrument': 'ES', 'timeframes': ['15s', '1min', '5min', '15min'], 'risk': {'per_trade': 0.005, 'rr_ratio': 2.0, 'max_daily_loss': 0.03, 'max_weekly_loss': 0.05, 'max_concurrent': 3}, 'filters': {'volume_threshold': 0.2, 'imbalance_long': 1.5, 'imbalance_short': 0.6667, 'iceberg_check': True}, 'indicators': {'ema': {'fast': 50, 'slow': 200}, 'macd': {'fast': 12, 'slow': 26, 'signal': 9}, 'rsi': {'period': 14, 'oversold': 30, 'overbought': 70}, 'wae': {'sensitivity': 150}, 'sar': {'af': 0.02, 'max_af': 0.2}}, 'exits': {'time_minutes': 5, 'breakeven_trigger': 1.0, 'breakeven_offset_ticks': 5}, 'mode': 'paper'}
2025-08-09 08:45:30 - TrendMomentumX - INFO - Strategy initialized successfully
2025-08-09 08:45:30 - TrendMomentumX - INFO - Short signal detected: {'signal': 'valid'}
2025-08-09 08:49:16 - TrendMomentumX - INFO - Initializing TrendMomentumX Strategy...
2025-08-09 08:49:16 - TrendMomentumX - INFO - Configuration: {'instrument': 'ES', 'timeframes': ['15s', '1min', '5min', '15min'], 'risk': {'per_trade': 0.005, 'rr_ratio': 2.0, 'max_daily_loss': 0.03, 'max_weekly_loss': 0.05, 'max_concurrent': 3}, 'filters': {'volume_threshold': 0.2, 'imbalance_long': 1.5, 'imbalance_short': 0.6667, 'iceberg_check': True}, 'indicators': {'ema': {'fast': 50, 'slow': 200}, 'macd': {'fast': 12, 'slow': 26, 'signal': 9}, 'rsi': {'period': 14, 'oversold': 30, 'overbought': 70}, 'wae': {'sensitivity': 150}, 'sar': {'af': 0.02, 'max_af': 0.2}}, 'exits': {'time_minutes': 5, 'breakeven_trigger': 1.0, 'breakeven_offset_ticks': 5}, 'mode': 'paper'}
2025-08-09 08:49:16 - TrendMomentumX - INFO - Strategy initialized successfully
2025-08-09 08:49:16 - TrendMomentumX - INFO - Initializing TrendMomentumX Strategy...
2025-08-09 08:49:16 - TrendMomentumX - INFO - Configuration: {'instrument': 'ES', 'timeframes': ['15s', '1min', '5min', '15min'], 'risk': {'per_trade': 0.005, 'rr_ratio': 2.0, 'max_daily_loss': 0.03, 'max_weekly_loss': 0.05, 'max_concurrent': 3}, 'filters': {'volume_threshold': 0.2, 'imbalance_long': 1.5, 'imbalance_short': 0.6667, 'iceberg_check': True}, 'indicators': {'ema': {'fast': 50, 'slow': 200}, 'macd': {'fast': 12, 'slow': 26, 'signal': 9}, 'rsi': {'period': 14, 'oversold': 30, 'overbought': 70}, 'wae': {'sensitivity': 150}, 'sar': {'af': 0.02, 'max_af': 0.2}}, 'exits': {'time_minutes': 5, 'breakeven_trigger': 1.0, 'breakeven_offset_ticks': 5}, 'mode': 'paper'}
2025-08-09 08:49:16 - TrendMomentumX - INFO - Strategy initialized successfully
2025-08-09 08:49:16 - TrendMomentumX - INFO - Initializing TrendMomentumX Strategy...
2025-08-09 08:49:16 - TrendMomentumX - INFO - Configuration: {'instrument': 'ES', 'timeframes': ['15s', '1min', '5min', '15min'], 'risk': {'per_trade': 0.005, 'rr_ratio': 2.0, 'max_daily_loss': 0.03, 'max_weekly_loss': 0.05, 'max_concurrent': 3}, 'filters': {'volume_threshold': 0.2, 'imbalance_long': 1.5, 'imbalance_short': 0.6667, 'iceberg_check': True}, 'indicators': {'ema': {'fast': 50, 'slow': 200}, 'macd': {'fast': 12, 'slow': 26, 'signal': 9}, 'rsi': {'period': 14, 'oversold': 30, 'overbought': 70}, 'wae': {'sensitivity': 150}, 'sar': {'af': 0.02, 'max_af': 0.2}}, 'exits': {'time_minutes': 5, 'breakeven_trigger': 1.0, 'breakeven_offset_ticks': 5}, 'mode': 'paper'}
2025-08-09 08:49:16 - TrendMomentumX - INFO - Strategy initialized successfully
2025-08-09 08:49:16 - TrendMomentumX - INFO - Initializing TrendMomentumX Strategy...
2025-08-09 08:49:16 - TrendMomentumX - INFO - Configuration: {'instrument': 'ES', 'timeframes': ['15s', '1min', '5min', '15min'], 'risk': {'per_trade': 0.005, 'rr_ratio': 2.0, 'max_daily_loss': 0.03, 'max_weekly_loss': 0.05, 'max_concurrent': 3}, 'filters': {'volume_threshold': 0.2, 'imbalance_long': 1.5, 'imbalance_short': 0.6667, 'iceberg_check': True}, 'indicators': {'ema': {'fast': 50, 'slow': 200}, 'macd': {'fast': 12, 'slow': 26, 'signal': 9}, 'rsi': {'period': 14, 'oversold': 30, 'overbought': 70}, 'wae': {'sensitivity': 150}, 'sar': {'af': 0.02, 'max_af': 0.2}}, 'exits': {'time_minutes': 5, 'breakeven_trigger': 1.0, 'breakeven_offset_ticks': 5}, 'mode': 'paper'}
2025-08-09 08:49:16 - TrendMomentumX - INFO - Strategy initialized successfully
2025-08-09 08:49:16 - TrendMomentumX - INFO - Initializing TrendMomentumX Strategy...
2025-08-09 08:49:16 - TrendMomentumX - INFO - Configuration: {'instrument': 'ES', 'timeframes': ['15s', '1min', '5min', '15min'], 'risk': {'per_trade': 0.005, 'rr_ratio': 2.0, 'max_daily_loss': 0.03, 'max_weekly_loss': 0.05, 'max_concurrent': 3}, 'filters': {'volume_threshold': 0.2, 'imbalance_long': 1.5, 'imbalance_short': 0.6667, 'iceberg_check': True}, 'indicators': {'ema': {'fast': 50, 'slow': 200}, 'macd': {'fast': 12, 'slow': 26, 'signal': 9}, 'rsi': {'period': 14, 'oversold': 30, 'overbought': 70}, 'wae': {'sensitivity': 150}, 'sar': {'af': 0.02, 'max_af': 0.2}}, 'exits': {'time_minutes': 5, 'breakeven_trigger': 1.0, 'breakeven_offset_ticks': 5}, 'mode': 'paper'}
2025-08-09 08:49:16 - TrendMomentumX - INFO - Strategy initialized successfully
2025-08-09 08:49:16 - TrendMomentumX - INFO - Long signal detected: {'rsi': 45, 'wae': True}
2025-08-09 08:49:16 - TrendMomentumX - INFO - Long entry confirmed by orderbook
2025-08-09 08:49:16 - TrendMomentumX - INFO - Initializing TrendMomentumX Strategy...
2025-08-09 08:49:16 - TrendMomentumX - INFO - Configuration: {'instrument': 'ES', 'timeframes': ['15s', '1min', '5min', '15min'], 'risk': {'per_trade': 0.005, 'rr_ratio': 2.0, 'max_daily_loss': 0.03, 'max_weekly_loss': 0.05, 'max_concurrent': 3}, 'filters': {'volume_threshold': 0.2, 'imbalance_long': 1.5, 'imbalance_short': 0.6667, 'iceberg_check': True}, 'indicators': {'ema': {'fast': 50, 'slow': 200}, 'macd': {'fast': 12, 'slow': 26, 'signal': 9}, 'rsi': {'period': 14, 'oversold': 30, 'overbought': 70}, 'wae': {'sensitivity': 150}, 'sar': {'af': 0.02, 'max_af': 0.2}}, 'exits': {'time_minutes': 5, 'breakeven_trigger': 1.0, 'breakeven_offset_ticks': 5}, 'mode': 'paper'}
2025-08-09 08:49:16 - TrendMomentumX - INFO - Strategy initialized successfully
2025-08-09 08:49:16 - TrendMomentumX - INFO - Initializing TrendMomentumX Strategy...
2025-08-09 08:49:16 - TrendMomentumX - INFO - Configuration: {'instrument': 'ES', 'timeframes': ['15s', '1min', '5min', '15min'], 'risk': {'per_trade': 0.005, 'rr_ratio': 2.0, 'max_daily_loss': 0.03, 'max_weekly_loss': 0.05, 'max_concurrent': 3}, 'filters': {'volume_threshold': 0.2, 'imbalance_long': 1.5, 'imbalance_short': 0.6667, 'iceberg_check': True}, 'indicators': {'ema': {'fast': 50, 'slow': 200}, 'macd': {'fast': 12, 'slow': 26, 'signal': 9}, 'rsi': {'period': 14, 'oversold': 30, 'overbought': 70}, 'wae': {'sensitivity': 150}, 'sar': {'af': 0.02, 'max_af': 0.2}}, 'exits': {'time_minutes': 5, 'breakeven_trigger': 1.0, 'breakeven_offset_ticks': 5}, 'mode': 'paper'}
2025-08-09 08:49:16 - TrendMomentumX - INFO - Strategy initialized successfully
2025-08-09 08:49:16 - TrendMomentumX - INFO - Placing long order: Size=2, Entry=5000.00, Stop=4995.00, Target=5010.00
2025-08-09 08:49:16 - TrendMomentumX - INFO - Order placed successfully: ORDER123
2025-08-09 08:49:16 - TrendMomentumX - INFO - Placing long order: Size=2, Entry=5000.00, Stop=4995.00, Target=5010.00
2025-08-09 08:49:16 - TrendMomentumX - INFO - Order placed successfully: ORDER123
2025-08-09 08:49:16 - TrendMomentumX - INFO - Initializing TrendMomentumX Strategy...
2025-08-09 08:49:16 - TrendMomentumX - INFO - Configuration: {'instrument': 'ES', 'timeframes': ['15s', '1min', '5min', '15min'], 'risk': {'per_trade': 0.005, 'rr_ratio': 2.0, 'max_daily_loss': 0.03, 'max_weekly_loss': 0.05, 'max_concurrent': 3}, 'filters': {'volume_threshold': 0.2, 'imbalance_long': 1.5, 'imbalance_short': 0.6667, 'iceberg_check': True}, 'indicators': {'ema': {'fast': 50, 'slow': 200}, 'macd': {'fast': 12, 'slow': 26, 'signal': 9}, 'rsi': {'period': 14, 'oversold': 30, 'overbought': 70}, 'wae': {'sensitivity': 150}, 'sar': {'af': 0.02, 'max_af': 0.2}}, 'exits': {'time_minutes': 5, 'breakeven_trigger': 1.0, 'breakeven_offset_ticks': 5}, 'mode': 'paper'}
2025-08-09 08:49:16 - TrendMomentumX - INFO - Strategy initialized successfully
2025-08-09 08:49:16 - TrendMomentumX - INFO - Position POS123 closed with P&L: 250.00
2025-08-09 08:49:16 - TrendMomentumX - INFO - Initializing TrendMomentumX Strategy...
2025-08-09 08:49:16 - TrendMomentumX - INFO - Configuration: {'instrument': 'ES', 'timeframes': ['15s', '1min', '5min', '15min'], 'risk': {'per_trade': 0.005, 'rr_ratio': 2.0, 'max_daily_loss': 0.03, 'max_weekly_loss': 0.05, 'max_concurrent': 3}, 'filters': {'volume_threshold': 0.2, 'imbalance_long': 1.5, 'imbalance_short': 0.6667, 'iceberg_check': True}, 'indicators': {'ema': {'fast': 50, 'slow': 200}, 'macd': {'fast': 12, 'slow': 26, 'signal': 9}, 'rsi': {'period': 14, 'oversold': 30, 'overbought': 70}, 'wae': {'sensitivity': 150}, 'sar': {'af': 0.02, 'max_af': 0.2}}, 'exits': {'time_minutes': 5, 'breakeven_trigger': 1.0, 'breakeven_offset_ticks': 5}, 'mode': 'paper'}
2025-08-09 08:49:16 - TrendMomentumX - INFO - Strategy initialized successfully
2025-08-09 08:49:16 - TrendMomentumX - INFO - Shutting down strategy...
2025-08-09 08:49:16 - TrendMomentumX - WARNING - Closing 2 active positions...
2025-08-09 08:49:16 - TrendMomentumX - INFO - Strategy shutdown complete
2025-08-09 08:49:16 - TrendMomentumX - INFO - Initializing TrendMomentumX Strategy...
2025-08-09 08:49:16 - TrendMomentumX - INFO - Configuration: {'instrument': 'ES', 'timeframes': ['15s', '1min', '5min', '15min'], 'risk': {'per_trade': 0.005, 'rr_ratio': 2.0, 'max_daily_loss': 0.03, 'max_weekly_loss': 0.05, 'max_concurrent': 3}, 'filters': {'volume_threshold': 0.2, 'imbalance_long': 1.5, 'imbalance_short': 0.6667, 'iceberg_check': True}, 'indicators': {'ema': {'fast': 50, 'slow': 200}, 'macd': {'fast': 12, 'slow': 26, 'signal': 9}, 'rsi': {'period': 14, 'oversold': 30, 'overbought': 70}, 'wae': {'sensitivity': 150}, 'sar': {'af': 0.02, 'max_af': 0.2}}, 'exits': {'time_minutes': 5, 'breakeven_trigger': 1.0, 'breakeven_offset_ticks': 5}, 'mode': 'paper'}
2025-08-09 08:49:16 - TrendMomentumX - INFO - Strategy initialized successfully
2025-08-09 08:49:16 - TrendMomentumX - INFO - Initializing TrendMomentumX Strategy...
2025-08-09 08:49:16 - TrendMomentumX - INFO - Configuration: {'instrument': 'ES', 'timeframes': ['15s', '1min', '5min', '15min'], 'risk': {'per_trade': 0.005, 'rr_ratio': 2.0, 'max_daily_loss': 0.03, 'max_weekly_loss': 0.05, 'max_concurrent': 3}, 'filters': {'volume_threshold': 0.2, 'imbalance_long': 1.5, 'imbalance_short': 0.6667, 'iceberg_check': True}, 'indicators': {'ema': {'fast': 50, 'slow': 200}, 'macd': {'fast': 12, 'slow': 26, 'signal': 9}, 'rsi': {'period': 14, 'oversold': 30, 'overbought': 70}, 'wae': {'sensitivity': 150}, 'sar': {'af': 0.02, 'max_af': 0.2}}, 'exits': {'time_minutes': 5, 'breakeven_trigger': 1.0, 'breakeven_offset_ticks': 5}, 'mode': 'paper'}
2025-08-09 08:49:16 - TrendMomentumX - INFO - Strategy initialized successfully
2025-08-09 08:49:16 - TrendMomentumX - INFO - Strategy running in paper mode
2025-08-09 08:49:16 - TrendMomentumX - INFO - Press Ctrl+C to stop
2025-08-09 08:49:17 - TrendMomentumX - INFO - Daily P&L reset
2025-08-09 08:49:17 - TrendMomentumX - INFO - Shutting down strategy...
2025-08-09 08:49:17 - TrendMomentumX - INFO - Strategy shutdown complete
2025-08-09 08:49:17 - TrendMomentumX - INFO - Initializing TrendMomentumX Strategy...
2025-08-09 08:49:17 - TrendMomentumX - INFO - Configuration: {'instrument': 'ES', 'timeframes': ['15s', '1min', '5min', '15min'], 'risk': {'per_trade': 0.005, 'rr_ratio': 2.0, 'max_daily_loss': 0.03, 'max_weekly_loss': 0.05, 'max_concurrent': 3}, 'filters': {'volume_threshold': 0.2, 'imbalance_long': 1.5, 'imbalance_short': 0.6667, 'iceberg_check': True}, 'indicators': {'ema': {'fast': 50, 'slow': 200}, 'macd': {'fast': 12, 'slow': 26, 'signal': 9}, 'rsi': {'period': 14, 'oversold': 30, 'overbought': 70}, 'wae': {'sensitivity': 150}, 'sar': {'af': 0.02, 'max_af': 0.2}}, 'exits': {'time_minutes': 5, 'breakeven_trigger': 1.0, 'breakeven_offset_ticks': 5}, 'mode': 'paper'}
2025-08-09 08:49:17 - TrendMomentumX - INFO - Strategy initialized successfully
2025-08-09 08:49:17 - TrendMomentumX - INFO - Long signal detected: {'signal': 'valid'}
2025-08-09 08:49:17 - TrendMomentumX - INFO - Long entry confirmed by orderbook
2025-08-09 08:49:17 - TrendMomentumX - INFO - Initializing TrendMomentumX Strategy...
2025-08-09 08:49:17 - TrendMomentumX - INFO - Configuration: {'instrument': 'ES', 'timeframes': ['15s', '1min', '5min', '15min'], 'risk': {'per_trade': 0.005, 'rr_ratio': 2.0, 'max_daily_loss': 0.03, 'max_weekly_loss': 0.05, 'max_concurrent': 3}, 'filters': {'volume_threshold': 0.2, 'imbalance_long': 1.5, 'imbalance_short': 0.6667, 'iceberg_check': True}, 'indicators': {'ema': {'fast': 50, 'slow': 200}, 'macd': {'fast': 12, 'slow': 26, 'signal': 9}, 'rsi': {'period': 14, 'oversold': 30, 'overbought': 70}, 'wae': {'sensitivity': 150}, 'sar': {'af': 0.02, 'max_af': 0.2}}, 'exits': {'time_minutes': 5, 'breakeven_trigger': 1.0, 'breakeven_offset_ticks': 5}, 'mode': 'paper'}
2025-08-09 08:49:17 - TrendMomentumX - INFO - Strategy initialized successfully
2025-08-09 08:49:17 - TrendMomentumX - INFO - Short signal detected: {'signal': 'valid'}
2025-08-09 08:49:53 - TrendMomentumX - INFO - Initializing TrendMomentumX Strategy...
2025-08-09 08:49:53 - TrendMomentumX - INFO - Configuration: {'instrument': 'ES', 'timeframes': ['15s', '1min', '5min', '15min'], 'risk': {'per_trade': 0.005, 'rr_ratio': 2.0, 'max_daily_loss': 0.03, 'max_weekly_loss': 0.05, 'max_concurrent': 3}, 'filters': {'volume_threshold': 0.2, 'imbalance_long': 1.5, 'imbalance_short': 0.6667, 'iceberg_check': True}, 'indicators': {'ema': {'fast': 50, 'slow': 200}, 'macd': {'fast': 12, 'slow': 26, 'signal': 9}, 'rsi': {'period': 14, 'oversold': 30, 'overbought': 70}, 'wae': {'sensitivity': 150}, 'sar': {'af': 0.02, 'max_af': 0.2}}, 'exits': {'time_minutes': 5, 'breakeven_trigger': 1.0, 'breakeven_offset_ticks': 5}, 'mode': 'paper'}
2025-08-09 08:49:53 - TrendMomentumX - INFO - Strategy initialized successfully
2025-08-09 08:49:53 - TrendMomentumX - INFO - Initializing TrendMomentumX Strategy...
2025-08-09 08:49:53 - TrendMomentumX - INFO - Configuration: {'instrument': 'ES', 'timeframes': ['15s', '1min', '5min', '15min'], 'risk': {'per_trade': 0.005, 'rr_ratio': 2.0, 'max_daily_loss': 0.03, 'max_weekly_loss': 0.05, 'max_concurrent': 3}, 'filters': {'volume_threshold': 0.2, 'imbalance_long': 1.5, 'imbalance_short': 0.6667, 'iceberg_check': True}, 'indicators': {'ema': {'fast': 50, 'slow': 200}, 'macd': {'fast': 12, 'slow': 26, 'signal': 9}, 'rsi': {'period': 14, 'oversold': 30, 'overbought': 70}, 'wae': {'sensitivity': 150}, 'sar': {'af': 0.02, 'max_af': 0.2}}, 'exits': {'time_minutes': 5, 'breakeven_trigger': 1.0, 'breakeven_offset_ticks': 5}, 'mode': 'paper'}
2025-08-09 08:49:53 - TrendMomentumX - INFO - Strategy initialized successfully
2025-08-09 08:49:53 - TrendMomentumX - INFO - Initializing TrendMomentumX Strategy...
2025-08-09 08:49:53 - TrendMomentumX - INFO - Configuration: {'instrument': 'ES', 'timeframes': ['15s', '1min', '5min', '15min'], 'risk': {'per_trade': 0.005, 'rr_ratio': 2.0, 'max_daily_loss': 0.03, 'max_weekly_loss': 0.05, 'max_concurrent': 3}, 'filters': {'volume_threshold': 0.2, 'imbalance_long': 1.5, 'imbalance_short': 0.6667, 'iceberg_check': True}, 'indicators': {'ema': {'fast': 50, 'slow': 200}, 'macd': {'fast': 12, 'slow': 26, 'signal': 9}, 'rsi': {'period': 14, 'oversold': 30, 'overbought': 70}, 'wae': {'sensitivity': 150}, 'sar': {'af': 0.02, 'max_af': 0.2}}, 'exits': {'time_minutes': 5, 'breakeven_trigger': 1.0, 'breakeven_offset_ticks': 5}, 'mode': 'paper'}
2025-08-09 08:49:53 - TrendMomentumX - INFO - Strategy initialized successfully
2025-08-09 08:49:53 - TrendMomentumX - INFO - Initializing TrendMomentumX Strategy...
2025-08-09 08:49:53 - TrendMomentumX - INFO - Configuration: {'instrument': 'ES', 'timeframes': ['15s', '1min', '5min', '15min'], 'risk': {'per_trade': 0.005, 'rr_ratio': 2.0, 'max_daily_loss': 0.03, 'max_weekly_loss': 0.05, 'max_concurrent': 3}, 'filters': {'volume_threshold': 0.2, 'imbalance_long': 1.5, 'imbalance_short': 0.6667, 'iceberg_check': True}, 'indicators': {'ema': {'fast': 50, 'slow': 200}, 'macd': {'fast': 12, 'slow': 26, 'signal': 9}, 'rsi': {'period': 14, 'oversold': 30, 'overbought': 70}, 'wae': {'sensitivity': 150}, 'sar': {'af': 0.02, 'max_af': 0.2}}, 'exits': {'time_minutes': 5, 'breakeven_trigger': 1.0, 'breakeven_offset_ticks': 5}, 'mode': 'paper'}
2025-08-09 08:49:53 - TrendMomentumX - INFO - Strategy initialized successfully
2025-08-09 08:49:53 - TrendMomentumX - INFO - Initializing TrendMomentumX Strategy...
2025-08-09 08:49:53 - TrendMomentumX - INFO - Configuration: {'instrument': 'ES', 'timeframes': ['15s', '1min', '5min', '15min'], 'risk': {'per_trade': 0.005, 'rr_ratio': 2.0, 'max_daily_loss': 0.03, 'max_weekly_loss': 0.05, 'max_concurrent': 3}, 'filters': {'volume_threshold': 0.2, 'imbalance_long': 1.5, 'imbalance_short': 0.6667, 'iceberg_check': True}, 'indicators': {'ema': {'fast': 50, 'slow': 200}, 'macd': {'fast': 12, 'slow': 26, 'signal': 9}, 'rsi': {'period': 14, 'oversold': 30, 'overbought': 70}, 'wae': {'sensitivity': 150}, 'sar': {'af': 0.02, 'max_af': 0.2}}, 'exits': {'time_minutes': 5, 'breakeven_trigger': 1.0, 'breakeven_offset_ticks': 5}, 'mode': 'paper'}
2025-08-09 08:49:53 - TrendMomentumX - INFO - Strategy initialized successfully
2025-08-09 08:49:53 - TrendMomentumX - INFO - Long signal detected: {'rsi': 45, 'wae': True}
2025-08-09 08:49:53 - TrendMomentumX - INFO - Long entry confirmed by orderbook
2025-08-09 08:49:53 - TrendMomentumX - INFO - Initializing TrendMomentumX Strategy...
2025-08-09 08:49:53 - TrendMomentumX - INFO - Configuration: {'instrument': 'ES', 'timeframes': ['15s', '1min', '5min', '15min'], 'risk': {'per_trade': 0.005, 'rr_ratio': 2.0, 'max_daily_loss': 0.03, 'max_weekly_loss': 0.05, 'max_concurrent': 3}, 'filters': {'volume_threshold': 0.2, 'imbalance_long': 1.5, 'imbalance_short': 0.6667, 'iceberg_check': True}, 'indicators': {'ema': {'fast': 50, 'slow': 200}, 'macd': {'fast': 12, 'slow': 26, 'signal': 9}, 'rsi': {'period': 14, 'oversold': 30, 'overbought': 70}, 'wae': {'sensitivity': 150}, 'sar': {'af': 0.02, 'max_af': 0.2}}, 'exits': {'time_minutes': 5, 'breakeven_trigger': 1.0, 'breakeven_offset_ticks': 5}, 'mode': 'paper'}
2025-08-09 08:49:53 - TrendMomentumX - INFO - Strategy initialized successfully
2025-08-09 08:49:53 - TrendMomentumX - INFO - Initializing TrendMomentumX Strategy...
2025-08-09 08:49:53 - TrendMomentumX - INFO - Configuration: {'instrument': 'ES', 'timeframes': ['15s', '1min', '5min', '15min'], 'risk': {'per_trade': 0.005, 'rr_ratio': 2.0, 'max_daily_loss': 0.03, 'max_weekly_loss': 0.05, 'max_concurrent': 3}, 'filters': {'volume_threshold': 0.2, 'imbalance_long': 1.5, 'imbalance_short': 0.6667, 'iceberg_check': True}, 'indicators': {'ema': {'fast': 50, 'slow': 200}, 'macd': {'fast': 12, 'slow': 26, 'signal': 9}, 'rsi': {'period': 14, 'oversold': 30, 'overbought': 70}, 'wae': {'sensitivity': 150}, 'sar': {'af': 0.02, 'max_af': 0.2}}, 'exits': {'time_minutes': 5, 'breakeven_trigger': 1.0, 'breakeven_offset_ticks': 5}, 'mode': 'paper'}
2025-08-09 08:49:53 - TrendMomentumX - INFO - Strategy initialized successfully
2025-08-09 08:49:53 - TrendMomentumX - INFO - Placing long order: Size=2, Entry=5000.00, Stop=4995.00, Target=5010.00
2025-08-09 08:49:53 - TrendMomentumX - INFO - Order placed successfully: ORDER123
2025-08-09 08:49:53 - TrendMomentumX - INFO - Placing long order: Size=2, Entry=5000.00, Stop=4995.00, Target=5010.00
2025-08-09 08:49:53 - TrendMomentumX - INFO - Order placed successfully: ORDER123
2025-08-09 08:49:53 - TrendMomentumX - INFO - Initializing TrendMomentumX Strategy...
2025-08-09 08:49:53 - TrendMomentumX - INFO - Configuration: {'instrument': 'ES', 'timeframes': ['15s', '1min', '5min', '15min'], 'risk': {'per_trade': 0.005, 'rr_ratio': 2.0, 'max_daily_loss': 0.03, 'max_weekly_loss': 0.05, 'max_concurrent': 3}, 'filters': {'volume_threshold': 0.2, 'imbalance_long': 1.5, 'imbalance_short': 0.6667, 'iceberg_check': True}, 'indicators': {'ema': {'fast': 50, 'slow': 200}, 'macd': {'fast': 12, 'slow': 26, 'signal': 9}, 'rsi': {'period': 14, 'oversold': 30, 'overbought': 70}, 'wae': {'sensitivity': 150}, 'sar': {'af': 0.02, 'max_af': 0.2}}, 'exits': {'time_minutes': 5, 'breakeven_trigger': 1.0, 'breakeven_offset_ticks': 5}, 'mode': 'paper'}
2025-08-09 08:49:53 - TrendMomentumX - INFO - Strategy initialized successfully
2025-08-09 08:49:53 - TrendMomentumX - INFO - Position POS123 closed with P&L: 250.00
2025-08-09 08:49:53 - TrendMomentumX - INFO - Initializing TrendMomentumX Strategy...
2025-08-09 08:49:53 - TrendMomentumX - INFO - Configuration: {'instrument': 'ES', 'timeframes': ['15s', '1min', '5min', '15min'], 'risk': {'per_trade': 0.005, 'rr_ratio': 2.0, 'max_daily_loss': 0.03, 'max_weekly_loss': 0.05, 'max_concurrent': 3}, 'filters': {'volume_threshold': 0.2, 'imbalance_long': 1.5, 'imbalance_short': 0.6667, 'iceberg_check': True}, 'indicators': {'ema': {'fast': 50, 'slow': 200}, 'macd': {'fast': 12, 'slow': 26, 'signal': 9}, 'rsi': {'period': 14, 'oversold': 30, 'overbought': 70}, 'wae': {'sensitivity': 150}, 'sar': {'af': 0.02, 'max_af': 0.2}}, 'exits': {'time_minutes': 5, 'breakeven_trigger': 1.0, 'breakeven_offset_ticks': 5}, 'mode': 'paper'}
2025-08-09 08:49:53 - TrendMomentumX - INFO - Strategy initialized successfully
2025-08-09 08:49:53 - TrendMomentumX - INFO - Shutting down strategy...
2025-08-09 08:49:53 - TrendMomentumX - WARNING - Closing 2 active positions...
2025-08-09 08:49:53 - TrendMomentumX - INFO - Strategy shutdown complete
2025-08-09 08:49:53 - TrendMomentumX - INFO - Initializing TrendMomentumX Strategy...
2025-08-09 08:49:53 - TrendMomentumX - INFO - Configuration: {'instrument': 'ES', 'timeframes': ['15s', '1min', '5min', '15min'], 'risk': {'per_trade': 0.005, 'rr_ratio': 2.0, 'max_daily_loss': 0.03, 'max_weekly_loss': 0.05, 'max_concurrent': 3}, 'filters': {'volume_threshold': 0.2, 'imbalance_long': 1.5, 'imbalance_short': 0.6667, 'iceberg_check': True}, 'indicators': {'ema': {'fast': 50, 'slow': 200}, 'macd': {'fast': 12, 'slow': 26, 'signal': 9}, 'rsi': {'period': 14, 'oversold': 30, 'overbought': 70}, 'wae': {'sensitivity': 150}, 'sar': {'af': 0.02, 'max_af': 0.2}}, 'exits': {'time_minutes': 5, 'breakeven_trigger': 1.0, 'breakeven_offset_ticks': 5}, 'mode': 'paper'}
2025-08-09 08:49:53 - TrendMomentumX - INFO - Strategy initialized successfully
2025-08-09 08:49:53 - TrendMomentumX - INFO - Initializing TrendMomentumX Strategy...
2025-08-09 08:49:53 - TrendMomentumX - INFO - Configuration: {'instrument': 'ES', 'timeframes': ['15s', '1min', '5min', '15min'], 'risk': {'per_trade': 0.005, 'rr_ratio': 2.0, 'max_daily_loss': 0.03, 'max_weekly_loss': 0.05, 'max_concurrent': 3}, 'filters': {'volume_threshold': 0.2, 'imbalance_long': 1.5, 'imbalance_short': 0.6667, 'iceberg_check': True}, 'indicators': {'ema': {'fast': 50, 'slow': 200}, 'macd': {'fast': 12, 'slow': 26, 'signal': 9}, 'rsi': {'period': 14, 'oversold': 30, 'overbought': 70}, 'wae': {'sensitivity': 150}, 'sar': {'af': 0.02, 'max_af': 0.2}}, 'exits': {'time_minutes': 5, 'breakeven_trigger': 1.0, 'breakeven_offset_ticks': 5}, 'mode': 'paper'}
2025-08-09 08:49:53 - TrendMomentumX - INFO - Strategy initialized successfully
2025-08-09 08:49:53 - TrendMomentumX - INFO - Strategy running in paper mode
2025-08-09 08:49:53 - TrendMomentumX - INFO - Press Ctrl+C to stop
2025-08-09 08:49:54 - TrendMomentumX - INFO - Daily P&L reset
2025-08-09 08:49:54 - TrendMomentumX - INFO - Shutting down strategy...
2025-08-09 08:49:54 - TrendMomentumX - INFO - Strategy shutdown complete
2025-08-09 08:49:54 - TrendMomentumX - INFO - Initializing TrendMomentumX Strategy...
2025-08-09 08:49:54 - TrendMomentumX - INFO - Configuration: {'instrument': 'ES', 'timeframes': ['15s', '1min', '5min', '15min'], 'risk': {'per_trade': 0.005, 'rr_ratio': 2.0, 'max_daily_loss': 0.03, 'max_weekly_loss': 0.05, 'max_concurrent': 3}, 'filters': {'volume_threshold': 0.2, 'imbalance_long': 1.5, 'imbalance_short': 0.6667, 'iceberg_check': True}, 'indicators': {'ema': {'fast': 50, 'slow': 200}, 'macd': {'fast': 12, 'slow': 26, 'signal': 9}, 'rsi': {'period': 14, 'oversold': 30, 'overbought': 70}, 'wae': {'sensitivity': 150}, 'sar': {'af': 0.02, 'max_af': 0.2}}, 'exits': {'time_minutes': 5, 'breakeven_trigger': 1.0, 'breakeven_offset_ticks': 5}, 'mode': 'paper'}
2025-08-09 08:49:54 - TrendMomentumX - INFO - Strategy initialized successfully
2025-08-09 08:49:54 - TrendMomentumX - INFO - Long signal detected: {'signal': 'valid'}
2025-08-09 08:49:54 - TrendMomentumX - INFO - Long entry confirmed by orderbook
2025-08-09 08:49:54 - TrendMomentumX - INFO - Initializing TrendMomentumX Strategy...
2025-08-09 08:49:54 - TrendMomentumX - INFO - Configuration: {'instrument': 'ES', 'timeframes': ['15s', '1min', '5min', '15min'], 'risk': {'per_trade': 0.005, 'rr_ratio': 2.0, 'max_daily_loss': 0.03, 'max_weekly_loss': 0.05, 'max_concurrent': 3}, 'filters': {'volume_threshold': 0.2, 'imbalance_long': 1.5, 'imbalance_short': 0.6667, 'iceberg_check': True}, 'indicators': {'ema': {'fast': 50, 'slow': 200}, 'macd': {'fast': 12, 'slow': 26, 'signal': 9}, 'rsi': {'period': 14, 'oversold': 30, 'overbought': 70}, 'wae': {'sensitivity': 150}, 'sar': {'af': 0.02, 'max_af': 0.2}}, 'exits': {'time_minutes': 5, 'breakeven_trigger': 1.0, 'breakeven_offset_ticks': 5}, 'mode': 'paper'}
2025-08-09 08:49:54 - TrendMomentumX - INFO - Strategy initialized successfully
2025-08-09 08:49:54 - TrendMomentumX - INFO - Short signal detected: {'signal': 'valid'}
