2025-08-10 10:34:24 - TrendMomentumX - INFO - Initializing TrendMomentumX Strategy...
2025-08-10 10:34:24 - TrendMomentumX - INFO - Configuration: {'instrument': 'ES', 'timeframes': ['15sec', '1min', '5min', '15min'], 'risk': {'per_trade': 0.005, 'rr_ratio': 2.0, 'max_daily_loss': 0.03, 'max_weekly_loss': 0.05, 'max_concurrent': 3}, 'filters': {'volume_threshold': 0.2, 'imbalance_long': 1.5, 'imbalance_short': 0.6667, 'iceberg_check': True}, 'indicators': {'ema': {'fast': 50, 'slow': 200}, 'macd': {'fast': 12, 'slow': 26, 'signal': 9}, 'rsi': {'period': 14, 'oversold': 30, 'overbought': 70}, 'wae': {'sensitivity': 150}, 'sar': {'af': 0.02, 'max_af': 0.2}}, 'exits': {'time_minutes': 5, 'breakeven_trigger': 1.0, 'breakeven_offset_ticks': 5}, 'mode': 'live'}
2025-08-10 10:34:29 - TrendMomentumX - INFO - Event subscriptions registered
2025-08-10 10:34:29 - TrendMomentumX - INFO - Strategy initialized successfully
2025-08-10 10:34:29 - TrendMomentumX - INFO - Strategy running in live mode
2025-08-10 10:34:29 - TrendMomentumX - INFO - Press Ctrl+C to stop
2025-08-10 10:34:34 - TrendMomentumX - INFO - Shutting down strategy...
2025-08-10 10:36:07 - TrendMomentumX - INFO - Initializing TrendMomentumX Strategy...
2025-08-10 10:36:07 - TrendMomentumX - INFO - Configuration: {'instrument': 'ES', 'timeframes': ['15sec', '1min', '5min', '15min'], 'risk': {'per_trade': 0.005, 'rr_ratio': 2.0, 'max_daily_loss': 0.03, 'max_weekly_loss': 0.05, 'max_concurrent': 3}, 'filters': {'volume_threshold': 0.2, 'imbalance_long': 1.5, 'imbalance_short': 0.6667, 'iceberg_check': True}, 'indicators': {'ema': {'fast': 50, 'slow': 200}, 'macd': {'fast': 12, 'slow': 26, 'signal': 9}, 'rsi': {'period': 14, 'oversold': 30, 'overbought': 70}, 'wae': {'sensitivity': 150}, 'sar': {'af': 0.02, 'max_af': 0.2}}, 'exits': {'time_minutes': 5, 'breakeven_trigger': 1.0, 'breakeven_offset_ticks': 5}, 'mode': 'live'}
2025-08-10 10:36:07 - TrendMomentumX - WARNING - EventBus not found, cannot subscribe to events
2025-08-10 10:36:07 - TrendMomentumX - INFO - Strategy initialized successfully
2025-08-10 10:36:07 - TrendMomentumX - INFO - Initializing TrendMomentumX Strategy...
2025-08-10 10:36:07 - TrendMomentumX - INFO - Configuration: {'instrument': 'ES', 'timeframes': ['15sec', '1min', '5min', '15min'], 'risk': {'per_trade': 0.005, 'rr_ratio': 2.0, 'max_daily_loss': 0.03, 'max_weekly_loss': 0.05, 'max_concurrent': 3}, 'filters': {'volume_threshold': 0.2, 'imbalance_long': 1.5, 'imbalance_short': 0.6667, 'iceberg_check': True}, 'indicators': {'ema': {'fast': 50, 'slow': 200}, 'macd': {'fast': 12, 'slow': 26, 'signal': 9}, 'rsi': {'period': 14, 'oversold': 30, 'overbought': 70}, 'wae': {'sensitivity': 150}, 'sar': {'af': 0.02, 'max_af': 0.2}}, 'exits': {'time_minutes': 5, 'breakeven_trigger': 1.0, 'breakeven_offset_ticks': 5}, 'mode': 'live'}
2025-08-10 10:36:07 - TrendMomentumX - WARNING - EventBus not found, cannot subscribe to events
2025-08-10 10:36:07 - TrendMomentumX - INFO - Strategy initialized successfully
2025-08-10 10:36:07 - TrendMomentumX - INFO - Initializing TrendMomentumX Strategy...
2025-08-10 10:36:07 - TrendMomentumX - INFO - Configuration: {'instrument': 'ES', 'timeframes': ['15sec', '1min', '5min', '15min'], 'risk': {'per_trade': 0.005, 'rr_ratio': 2.0, 'max_daily_loss': 0.03, 'max_weekly_loss': 0.05, 'max_concurrent': 3}, 'filters': {'volume_threshold': 0.2, 'imbalance_long': 1.5, 'imbalance_short': 0.6667, 'iceberg_check': True}, 'indicators': {'ema': {'fast': 50, 'slow': 200}, 'macd': {'fast': 12, 'slow': 26, 'signal': 9}, 'rsi': {'period': 14, 'oversold': 30, 'overbought': 70}, 'wae': {'sensitivity': 150}, 'sar': {'af': 0.02, 'max_af': 0.2}}, 'exits': {'time_minutes': 5, 'breakeven_trigger': 1.0, 'breakeven_offset_ticks': 5}, 'mode': 'live'}
2025-08-10 10:36:07 - TrendMomentumX - WARNING - EventBus not found, cannot subscribe to events
2025-08-10 10:36:07 - TrendMomentumX - INFO - Strategy initialized successfully
2025-08-10 10:36:07 - TrendMomentumX - INFO - Initializing TrendMomentumX Strategy...
2025-08-10 10:36:07 - TrendMomentumX - INFO - Configuration: {'instrument': 'ES', 'timeframes': ['15sec', '1min', '5min', '15min'], 'risk': {'per_trade': 0.005, 'rr_ratio': 2.0, 'max_daily_loss': 0.03, 'max_weekly_loss': 0.05, 'max_concurrent': 3}, 'filters': {'volume_threshold': 0.2, 'imbalance_long': 1.5, 'imbalance_short': 0.6667, 'iceberg_check': True}, 'indicators': {'ema': {'fast': 50, 'slow': 200}, 'macd': {'fast': 12, 'slow': 26, 'signal': 9}, 'rsi': {'period': 14, 'oversold': 30, 'overbought': 70}, 'wae': {'sensitivity': 150}, 'sar': {'af': 0.02, 'max_af': 0.2}}, 'exits': {'time_minutes': 5, 'breakeven_trigger': 1.0, 'breakeven_offset_ticks': 5}, 'mode': 'live'}
2025-08-10 10:36:07 - TrendMomentumX - WARNING - EventBus not found, cannot subscribe to events
2025-08-10 10:36:07 - TrendMomentumX - INFO - Strategy initialized successfully
2025-08-10 10:36:07 - TrendMomentumX - INFO - Initializing TrendMomentumX Strategy...
2025-08-10 10:36:07 - TrendMomentumX - INFO - Configuration: {'instrument': 'ES', 'timeframes': ['15sec', '1min', '5min', '15min'], 'risk': {'per_trade': 0.005, 'rr_ratio': 2.0, 'max_daily_loss': 0.03, 'max_weekly_loss': 0.05, 'max_concurrent': 3}, 'filters': {'volume_threshold': 0.2, 'imbalance_long': 1.5, 'imbalance_short': 0.6667, 'iceberg_check': True}, 'indicators': {'ema': {'fast': 50, 'slow': 200}, 'macd': {'fast': 12, 'slow': 26, 'signal': 9}, 'rsi': {'period': 14, 'oversold': 30, 'overbought': 70}, 'wae': {'sensitivity': 150}, 'sar': {'af': 0.02, 'max_af': 0.2}}, 'exits': {'time_minutes': 5, 'breakeven_trigger': 1.0, 'breakeven_offset_ticks': 5}, 'mode': 'live'}
2025-08-10 10:36:07 - TrendMomentumX - WARNING - EventBus not found, cannot subscribe to events
2025-08-10 10:36:07 - TrendMomentumX - INFO - Strategy initialized successfully
2025-08-10 10:36:07 - TrendMomentumX - INFO - Initializing TrendMomentumX Strategy...
2025-08-10 10:36:07 - TrendMomentumX - INFO - Configuration: {'instrument': 'ES', 'timeframes': ['15sec', '1min', '5min', '15min'], 'risk': {'per_trade': 0.005, 'rr_ratio': 2.0, 'max_daily_loss': 0.03, 'max_weekly_loss': 0.05, 'max_concurrent': 3}, 'filters': {'volume_threshold': 0.2, 'imbalance_long': 1.5, 'imbalance_short': 0.6667, 'iceberg_check': True}, 'indicators': {'ema': {'fast': 50, 'slow': 200}, 'macd': {'fast': 12, 'slow': 26, 'signal': 9}, 'rsi': {'period': 14, 'oversold': 30, 'overbought': 70}, 'wae': {'sensitivity': 150}, 'sar': {'af': 0.02, 'max_af': 0.2}}, 'exits': {'time_minutes': 5, 'breakeven_trigger': 1.0, 'breakeven_offset_ticks': 5}, 'mode': 'live'}
2025-08-10 10:36:07 - TrendMomentumX - WARNING - EventBus not found, cannot subscribe to events
2025-08-10 10:36:07 - TrendMomentumX - INFO - Strategy initialized successfully
2025-08-10 10:36:07 - TrendMomentumX - INFO - Initializing TrendMomentumX Strategy...
2025-08-10 10:36:07 - TrendMomentumX - INFO - Configuration: {'instrument': 'ES', 'timeframes': ['15sec', '1min', '5min', '15min'], 'risk': {'per_trade': 0.005, 'rr_ratio': 2.0, 'max_daily_loss': 0.03, 'max_weekly_loss': 0.05, 'max_concurrent': 3}, 'filters': {'volume_threshold': 0.2, 'imbalance_long': 1.5, 'imbalance_short': 0.6667, 'iceberg_check': True}, 'indicators': {'ema': {'fast': 50, 'slow': 200}, 'macd': {'fast': 12, 'slow': 26, 'signal': 9}, 'rsi': {'period': 14, 'oversold': 30, 'overbought': 70}, 'wae': {'sensitivity': 150}, 'sar': {'af': 0.02, 'max_af': 0.2}}, 'exits': {'time_minutes': 5, 'breakeven_trigger': 1.0, 'breakeven_offset_ticks': 5}, 'mode': 'live'}
2025-08-10 10:36:07 - TrendMomentumX - WARNING - EventBus not found, cannot subscribe to events
2025-08-10 10:36:07 - TrendMomentumX - INFO - Strategy initialized successfully
2025-08-10 10:36:07 - TrendMomentumX - INFO - Entry order 123 filled at 5000.0
2025-08-10 10:36:07 - TrendMomentumX - INFO - Initializing TrendMomentumX Strategy...
2025-08-10 10:36:07 - TrendMomentumX - INFO - Configuration: {'instrument': 'ES', 'timeframes': ['15sec', '1min', '5min', '15min'], 'risk': {'per_trade': 0.005, 'rr_ratio': 2.0, 'max_daily_loss': 0.03, 'max_weekly_loss': 0.05, 'max_concurrent': 3}, 'filters': {'volume_threshold': 0.2, 'imbalance_long': 1.5, 'imbalance_short': 0.6667, 'iceberg_check': True}, 'indicators': {'ema': {'fast': 50, 'slow': 200}, 'macd': {'fast': 12, 'slow': 26, 'signal': 9}, 'rsi': {'period': 14, 'oversold': 30, 'overbought': 70}, 'wae': {'sensitivity': 150}, 'sar': {'af': 0.02, 'max_af': 0.2}}, 'exits': {'time_minutes': 5, 'breakeven_trigger': 1.0, 'breakeven_offset_ticks': 5}, 'mode': 'live'}
2025-08-10 10:36:07 - TrendMomentumX - WARNING - EventBus not found, cannot subscribe to events
2025-08-10 10:36:07 - TrendMomentumX - INFO - Strategy initialized successfully
2025-08-10 10:36:07 - TrendMomentumX - WARNING - Entry order 123 failed with status: ORDER_REJECTED
2025-08-10 10:36:07 - TrendMomentumX - INFO - Initializing TrendMomentumX Strategy...
2025-08-10 10:36:07 - TrendMomentumX - INFO - Configuration: {'instrument': 'ES', 'timeframes': ['15sec', '1min', '5min', '15min'], 'risk': {'per_trade': 0.005, 'rr_ratio': 2.0, 'max_daily_loss': 0.03, 'max_weekly_loss': 0.05, 'max_concurrent': 3}, 'filters': {'volume_threshold': 0.2, 'imbalance_long': 1.5, 'imbalance_short': 0.6667, 'iceberg_check': True}, 'indicators': {'ema': {'fast': 50, 'slow': 200}, 'macd': {'fast': 12, 'slow': 26, 'signal': 9}, 'rsi': {'period': 14, 'oversold': 30, 'overbought': 70}, 'wae': {'sensitivity': 150}, 'sar': {'af': 0.02, 'max_af': 0.2}}, 'exits': {'time_minutes': 5, 'breakeven_trigger': 1.0, 'breakeven_offset_ticks': 5}, 'mode': 'live'}
2025-08-10 10:36:07 - TrendMomentumX - WARNING - EventBus not found, cannot subscribe to events
2025-08-10 10:36:07 - TrendMomentumX - INFO - Strategy initialized successfully
2025-08-10 10:36:07 - TrendMomentumX - INFO - Shutting down strategy...
2025-08-10 10:36:07 - TrendMomentumX - WARNING - Closing 2 active positions...
2025-08-10 10:36:07 - TrendMomentumX - INFO - Strategy shutdown complete
2025-08-10 10:36:07 - TrendMomentumX - INFO - Initializing TrendMomentumX Strategy...
2025-08-10 10:36:07 - TrendMomentumX - INFO - Configuration: {'instrument': 'ES', 'timeframes': ['15sec', '1min', '5min', '15min'], 'risk': {'per_trade': 0.005, 'rr_ratio': 2.0, 'max_daily_loss': 0.03, 'max_weekly_loss': 0.05, 'max_concurrent': 3}, 'filters': {'volume_threshold': 0.2, 'imbalance_long': 1.5, 'imbalance_short': 0.6667, 'iceberg_check': True}, 'indicators': {'ema': {'fast': 50, 'slow': 200}, 'macd': {'fast': 12, 'slow': 26, 'signal': 9}, 'rsi': {'period': 14, 'oversold': 30, 'overbought': 70}, 'wae': {'sensitivity': 150}, 'sar': {'af': 0.02, 'max_af': 0.2}}, 'exits': {'time_minutes': 5, 'breakeven_trigger': 1.0, 'breakeven_offset_ticks': 5}, 'mode': 'live'}
2025-08-10 10:36:07 - TrendMomentumX - WARNING - EventBus not found, cannot subscribe to events
2025-08-10 10:36:07 - TrendMomentumX - INFO - Strategy initialized successfully
2025-08-10 10:36:07 - TrendMomentumX - INFO - Long signal detected: {'signal': 'valid'}
2025-08-10 10:36:07 - TrendMomentumX - INFO - Long entry confirmed by orderbook
2025-08-10 10:36:07 - TrendMomentumX - INFO - Initializing TrendMomentumX Strategy...
2025-08-10 10:36:07 - TrendMomentumX - INFO - Configuration: {'instrument': 'ES', 'timeframes': ['15sec', '1min', '5min', '15min'], 'risk': {'per_trade': 0.005, 'rr_ratio': 2.0, 'max_daily_loss': 0.03, 'max_weekly_loss': 0.05, 'max_concurrent': 3}, 'filters': {'volume_threshold': 0.2, 'imbalance_long': 1.5, 'imbalance_short': 0.6667, 'iceberg_check': True}, 'indicators': {'ema': {'fast': 50, 'slow': 200}, 'macd': {'fast': 12, 'slow': 26, 'signal': 9}, 'rsi': {'period': 14, 'oversold': 30, 'overbought': 70}, 'wae': {'sensitivity': 150}, 'sar': {'af': 0.02, 'max_af': 0.2}}, 'exits': {'time_minutes': 5, 'breakeven_trigger': 1.0, 'breakeven_offset_ticks': 5}, 'mode': 'live'}
2025-08-10 10:36:07 - TrendMomentumX - WARNING - EventBus not found, cannot subscribe to events
2025-08-10 10:36:07 - TrendMomentumX - INFO - Strategy initialized successfully
2025-08-10 10:36:07 - TrendMomentumX - INFO - Short signal detected: {'signal': 'valid'}
2025-08-10 10:37:09 - TrendMomentumX - INFO - Initializing TrendMomentumX Strategy...
2025-08-10 10:37:09 - TrendMomentumX - INFO - Configuration: {'instrument': 'ES', 'timeframes': ['15sec', '1min', '5min', '15min'], 'risk': {'per_trade': 0.005, 'rr_ratio': 2.0, 'max_daily_loss': 0.03, 'max_weekly_loss': 0.05, 'max_concurrent': 3}, 'filters': {'volume_threshold': 0.2, 'imbalance_long': 1.5, 'imbalance_short': 0.6667, 'iceberg_check': True}, 'indicators': {'ema': {'fast': 50, 'slow': 200}, 'macd': {'fast': 12, 'slow': 26, 'signal': 9}, 'rsi': {'period': 14, 'oversold': 30, 'overbought': 70}, 'wae': {'sensitivity': 150}, 'sar': {'af': 0.02, 'max_af': 0.2}}, 'exits': {'time_minutes': 5, 'breakeven_trigger': 1.0, 'breakeven_offset_ticks': 5}, 'mode': 'live'}
2025-08-10 10:37:09 - TrendMomentumX - WARNING - EventBus not found, cannot subscribe to events
2025-08-10 10:37:09 - TrendMomentumX - INFO - Strategy initialized successfully
2025-08-10 10:37:09 - TrendMomentumX - INFO - Initializing TrendMomentumX Strategy...
2025-08-10 10:37:09 - TrendMomentumX - INFO - Configuration: {'instrument': 'ES', 'timeframes': ['15sec', '1min', '5min', '15min'], 'risk': {'per_trade': 0.005, 'rr_ratio': 2.0, 'max_daily_loss': 0.03, 'max_weekly_loss': 0.05, 'max_concurrent': 3}, 'filters': {'volume_threshold': 0.2, 'imbalance_long': 1.5, 'imbalance_short': 0.6667, 'iceberg_check': True}, 'indicators': {'ema': {'fast': 50, 'slow': 200}, 'macd': {'fast': 12, 'slow': 26, 'signal': 9}, 'rsi': {'period': 14, 'oversold': 30, 'overbought': 70}, 'wae': {'sensitivity': 150}, 'sar': {'af': 0.02, 'max_af': 0.2}}, 'exits': {'time_minutes': 5, 'breakeven_trigger': 1.0, 'breakeven_offset_ticks': 5}, 'mode': 'live'}
2025-08-10 10:37:09 - TrendMomentumX - WARNING - EventBus not found, cannot subscribe to events
2025-08-10 10:37:09 - TrendMomentumX - INFO - Strategy initialized successfully
2025-08-10 10:37:09 - TrendMomentumX - INFO - Initializing TrendMomentumX Strategy...
2025-08-10 10:37:09 - TrendMomentumX - INFO - Configuration: {'instrument': 'ES', 'timeframes': ['15sec', '1min', '5min', '15min'], 'risk': {'per_trade': 0.005, 'rr_ratio': 2.0, 'max_daily_loss': 0.03, 'max_weekly_loss': 0.05, 'max_concurrent': 3}, 'filters': {'volume_threshold': 0.2, 'imbalance_long': 1.5, 'imbalance_short': 0.6667, 'iceberg_check': True}, 'indicators': {'ema': {'fast': 50, 'slow': 200}, 'macd': {'fast': 12, 'slow': 26, 'signal': 9}, 'rsi': {'period': 14, 'oversold': 30, 'overbought': 70}, 'wae': {'sensitivity': 150}, 'sar': {'af': 0.02, 'max_af': 0.2}}, 'exits': {'time_minutes': 5, 'breakeven_trigger': 1.0, 'breakeven_offset_ticks': 5}, 'mode': 'live'}
2025-08-10 10:37:09 - TrendMomentumX - WARNING - EventBus not found, cannot subscribe to events
2025-08-10 10:37:09 - TrendMomentumX - INFO - Strategy initialized successfully
2025-08-10 10:37:09 - TrendMomentumX - INFO - Initializing TrendMomentumX Strategy...
2025-08-10 10:37:09 - TrendMomentumX - INFO - Configuration: {'instrument': 'ES', 'timeframes': ['15sec', '1min', '5min', '15min'], 'risk': {'per_trade': 0.005, 'rr_ratio': 2.0, 'max_daily_loss': 0.03, 'max_weekly_loss': 0.05, 'max_concurrent': 3}, 'filters': {'volume_threshold': 0.2, 'imbalance_long': 1.5, 'imbalance_short': 0.6667, 'iceberg_check': True}, 'indicators': {'ema': {'fast': 50, 'slow': 200}, 'macd': {'fast': 12, 'slow': 26, 'signal': 9}, 'rsi': {'period': 14, 'oversold': 30, 'overbought': 70}, 'wae': {'sensitivity': 150}, 'sar': {'af': 0.02, 'max_af': 0.2}}, 'exits': {'time_minutes': 5, 'breakeven_trigger': 1.0, 'breakeven_offset_ticks': 5}, 'mode': 'live'}
2025-08-10 10:37:09 - TrendMomentumX - WARNING - EventBus not found, cannot subscribe to events
2025-08-10 10:37:09 - TrendMomentumX - INFO - Strategy initialized successfully
2025-08-10 10:37:09 - TrendMomentumX - INFO - Initializing TrendMomentumX Strategy...
2025-08-10 10:37:09 - TrendMomentumX - INFO - Configuration: {'instrument': 'ES', 'timeframes': ['15sec', '1min', '5min', '15min'], 'risk': {'per_trade': 0.005, 'rr_ratio': 2.0, 'max_daily_loss': 0.03, 'max_weekly_loss': 0.05, 'max_concurrent': 3}, 'filters': {'volume_threshold': 0.2, 'imbalance_long': 1.5, 'imbalance_short': 0.6667, 'iceberg_check': True}, 'indicators': {'ema': {'fast': 50, 'slow': 200}, 'macd': {'fast': 12, 'slow': 26, 'signal': 9}, 'rsi': {'period': 14, 'oversold': 30, 'overbought': 70}, 'wae': {'sensitivity': 150}, 'sar': {'af': 0.02, 'max_af': 0.2}}, 'exits': {'time_minutes': 5, 'breakeven_trigger': 1.0, 'breakeven_offset_ticks': 5}, 'mode': 'live'}
2025-08-10 10:37:09 - TrendMomentumX - WARNING - EventBus not found, cannot subscribe to events
2025-08-10 10:37:09 - TrendMomentumX - INFO - Strategy initialized successfully
2025-08-10 10:37:09 - TrendMomentumX - INFO - Initializing TrendMomentumX Strategy...
2025-08-10 10:37:09 - TrendMomentumX - INFO - Configuration: {'instrument': 'ES', 'timeframes': ['15sec', '1min', '5min', '15min'], 'risk': {'per_trade': 0.005, 'rr_ratio': 2.0, 'max_daily_loss': 0.03, 'max_weekly_loss': 0.05, 'max_concurrent': 3}, 'filters': {'volume_threshold': 0.2, 'imbalance_long': 1.5, 'imbalance_short': 0.6667, 'iceberg_check': True}, 'indicators': {'ema': {'fast': 50, 'slow': 200}, 'macd': {'fast': 12, 'slow': 26, 'signal': 9}, 'rsi': {'period': 14, 'oversold': 30, 'overbought': 70}, 'wae': {'sensitivity': 150}, 'sar': {'af': 0.02, 'max_af': 0.2}}, 'exits': {'time_minutes': 5, 'breakeven_trigger': 1.0, 'breakeven_offset_ticks': 5}, 'mode': 'live'}
2025-08-10 10:37:09 - TrendMomentumX - WARNING - EventBus not found, cannot subscribe to events
2025-08-10 10:37:09 - TrendMomentumX - INFO - Strategy initialized successfully
2025-08-10 10:37:09 - TrendMomentumX - INFO - Attempting to enter long trade. Entry ~5000.00, Stop=4995.00, Target=5010.00
2025-08-10 10:37:09 - TrendMomentumX - INFO - Managed trade submitted successfully. Entry Order ID: 12345
2025-08-10 10:37:09 - TrendMomentumX - INFO - Initializing TrendMomentumX Strategy...
2025-08-10 10:37:09 - TrendMomentumX - INFO - Configuration: {'instrument': 'ES', 'timeframes': ['15sec', '1min', '5min', '15min'], 'risk': {'per_trade': 0.005, 'rr_ratio': 2.0, 'max_daily_loss': 0.03, 'max_weekly_loss': 0.05, 'max_concurrent': 3}, 'filters': {'volume_threshold': 0.2, 'imbalance_long': 1.5, 'imbalance_short': 0.6667, 'iceberg_check': True}, 'indicators': {'ema': {'fast': 50, 'slow': 200}, 'macd': {'fast': 12, 'slow': 26, 'signal': 9}, 'rsi': {'period': 14, 'oversold': 30, 'overbought': 70}, 'wae': {'sensitivity': 150}, 'sar': {'af': 0.02, 'max_af': 0.2}}, 'exits': {'time_minutes': 5, 'breakeven_trigger': 1.0, 'breakeven_offset_ticks': 5}, 'mode': 'live'}
2025-08-10 10:37:09 - TrendMomentumX - WARNING - EventBus not found, cannot subscribe to events
2025-08-10 10:37:09 - TrendMomentumX - INFO - Strategy initialized successfully
2025-08-10 10:37:09 - TrendMomentumX - INFO - Entry order 123 filled at 5000.0
2025-08-10 10:37:09 - TrendMomentumX - INFO - Initializing TrendMomentumX Strategy...
2025-08-10 10:37:09 - TrendMomentumX - INFO - Configuration: {'instrument': 'ES', 'timeframes': ['15sec', '1min', '5min', '15min'], 'risk': {'per_trade': 0.005, 'rr_ratio': 2.0, 'max_daily_loss': 0.03, 'max_weekly_loss': 0.05, 'max_concurrent': 3}, 'filters': {'volume_threshold': 0.2, 'imbalance_long': 1.5, 'imbalance_short': 0.6667, 'iceberg_check': True}, 'indicators': {'ema': {'fast': 50, 'slow': 200}, 'macd': {'fast': 12, 'slow': 26, 'signal': 9}, 'rsi': {'period': 14, 'oversold': 30, 'overbought': 70}, 'wae': {'sensitivity': 150}, 'sar': {'af': 0.02, 'max_af': 0.2}}, 'exits': {'time_minutes': 5, 'breakeven_trigger': 1.0, 'breakeven_offset_ticks': 5}, 'mode': 'live'}
2025-08-10 10:37:09 - TrendMomentumX - WARNING - EventBus not found, cannot subscribe to events
2025-08-10 10:37:09 - TrendMomentumX - INFO - Strategy initialized successfully
2025-08-10 10:37:09 - TrendMomentumX - WARNING - Entry order 123 failed with status: ORDER_REJECTED
2025-08-10 10:37:09 - TrendMomentumX - INFO - Initializing TrendMomentumX Strategy...
2025-08-10 10:37:09 - TrendMomentumX - INFO - Configuration: {'instrument': 'ES', 'timeframes': ['15sec', '1min', '5min', '15min'], 'risk': {'per_trade': 0.005, 'rr_ratio': 2.0, 'max_daily_loss': 0.03, 'max_weekly_loss': 0.05, 'max_concurrent': 3}, 'filters': {'volume_threshold': 0.2, 'imbalance_long': 1.5, 'imbalance_short': 0.6667, 'iceberg_check': True}, 'indicators': {'ema': {'fast': 50, 'slow': 200}, 'macd': {'fast': 12, 'slow': 26, 'signal': 9}, 'rsi': {'period': 14, 'oversold': 30, 'overbought': 70}, 'wae': {'sensitivity': 150}, 'sar': {'af': 0.02, 'max_af': 0.2}}, 'exits': {'time_minutes': 5, 'breakeven_trigger': 1.0, 'breakeven_offset_ticks': 5}, 'mode': 'live'}
2025-08-10 10:37:09 - TrendMomentumX - WARNING - EventBus not found, cannot subscribe to events
2025-08-10 10:37:09 - TrendMomentumX - INFO - Strategy initialized successfully
2025-08-10 10:37:09 - TrendMomentumX - INFO - Shutting down strategy...
2025-08-10 10:37:09 - TrendMomentumX - WARNING - Closing 2 active positions...
2025-08-10 10:37:09 - TrendMomentumX - INFO - Strategy shutdown complete
2025-08-10 10:37:09 - TrendMomentumX - INFO - Initializing TrendMomentumX Strategy...
2025-08-10 10:37:09 - TrendMomentumX - INFO - Configuration: {'instrument': 'ES', 'timeframes': ['15sec', '1min', '5min', '15min'], 'risk': {'per_trade': 0.005, 'rr_ratio': 2.0, 'max_daily_loss': 0.03, 'max_weekly_loss': 0.05, 'max_concurrent': 3}, 'filters': {'volume_threshold': 0.2, 'imbalance_long': 1.5, 'imbalance_short': 0.6667, 'iceberg_check': True}, 'indicators': {'ema': {'fast': 50, 'slow': 200}, 'macd': {'fast': 12, 'slow': 26, 'signal': 9}, 'rsi': {'period': 14, 'oversold': 30, 'overbought': 70}, 'wae': {'sensitivity': 150}, 'sar': {'af': 0.02, 'max_af': 0.2}}, 'exits': {'time_minutes': 5, 'breakeven_trigger': 1.0, 'breakeven_offset_ticks': 5}, 'mode': 'live'}
2025-08-10 10:37:09 - TrendMomentumX - WARNING - EventBus not found, cannot subscribe to events
2025-08-10 10:37:09 - TrendMomentumX - INFO - Strategy initialized successfully
2025-08-10 10:37:09 - TrendMomentumX - INFO - Long signal detected: {'signal': 'valid'}
2025-08-10 10:37:09 - TrendMomentumX - INFO - Long entry confirmed by orderbook
2025-08-10 10:37:09 - TrendMomentumX - INFO - Initializing TrendMomentumX Strategy...
2025-08-10 10:37:09 - TrendMomentumX - INFO - Configuration: {'instrument': 'ES', 'timeframes': ['15sec', '1min', '5min', '15min'], 'risk': {'per_trade': 0.005, 'rr_ratio': 2.0, 'max_daily_loss': 0.03, 'max_weekly_loss': 0.05, 'max_concurrent': 3}, 'filters': {'volume_threshold': 0.2, 'imbalance_long': 1.5, 'imbalance_short': 0.6667, 'iceberg_check': True}, 'indicators': {'ema': {'fast': 50, 'slow': 200}, 'macd': {'fast': 12, 'slow': 26, 'signal': 9}, 'rsi': {'period': 14, 'oversold': 30, 'overbought': 70}, 'wae': {'sensitivity': 150}, 'sar': {'af': 0.02, 'max_af': 0.2}}, 'exits': {'time_minutes': 5, 'breakeven_trigger': 1.0, 'breakeven_offset_ticks': 5}, 'mode': 'live'}
2025-08-10 10:37:09 - TrendMomentumX - WARNING - EventBus not found, cannot subscribe to events
2025-08-10 10:37:09 - TrendMomentumX - INFO - Strategy initialized successfully
2025-08-10 10:37:09 - TrendMomentumX - INFO - Short signal detected: {'signal': 'valid'}
2025-08-10 10:38:20 - TrendMomentumX - INFO - Initializing TrendMomentumX Strategy...
2025-08-10 10:38:20 - TrendMomentumX - INFO - Configuration: {'instrument': 'ES', 'timeframes': ['15sec', '1min', '5min', '15min'], 'risk': {'per_trade': 0.005, 'rr_ratio': 2.0, 'max_daily_loss': 0.03, 'max_weekly_loss': 0.05, 'max_concurrent': 3}, 'filters': {'volume_threshold': 0.2, 'imbalance_long': 1.5, 'imbalance_short': 0.6667, 'iceberg_check': True}, 'indicators': {'ema': {'fast': 50, 'slow': 200}, 'macd': {'fast': 12, 'slow': 26, 'signal': 9}, 'rsi': {'period': 14, 'oversold': 30, 'overbought': 70}, 'wae': {'sensitivity': 150}, 'sar': {'af': 0.02, 'max_af': 0.2}}, 'exits': {'time_minutes': 5, 'breakeven_trigger': 1.0, 'breakeven_offset_ticks': 5}, 'mode': 'live'}
2025-08-10 10:38:20 - TrendMomentumX - WARNING - EventBus not found, cannot subscribe to events
2025-08-10 10:38:20 - TrendMomentumX - INFO - Strategy initialized successfully
2025-08-10 10:38:20 - TrendMomentumX - INFO - Initializing TrendMomentumX Strategy...
2025-08-10 10:38:20 - TrendMomentumX - INFO - Configuration: {'instrument': 'ES', 'timeframes': ['15sec', '1min', '5min', '15min'], 'risk': {'per_trade': 0.005, 'rr_ratio': 2.0, 'max_daily_loss': 0.03, 'max_weekly_loss': 0.05, 'max_concurrent': 3}, 'filters': {'volume_threshold': 0.2, 'imbalance_long': 1.5, 'imbalance_short': 0.6667, 'iceberg_check': True}, 'indicators': {'ema': {'fast': 50, 'slow': 200}, 'macd': {'fast': 12, 'slow': 26, 'signal': 9}, 'rsi': {'period': 14, 'oversold': 30, 'overbought': 70}, 'wae': {'sensitivity': 150}, 'sar': {'af': 0.02, 'max_af': 0.2}}, 'exits': {'time_minutes': 5, 'breakeven_trigger': 1.0, 'breakeven_offset_ticks': 5}, 'mode': 'live'}
2025-08-10 10:38:20 - TrendMomentumX - WARNING - EventBus not found, cannot subscribe to events
2025-08-10 10:38:20 - TrendMomentumX - INFO - Strategy initialized successfully
2025-08-10 10:38:20 - TrendMomentumX - INFO - Initializing TrendMomentumX Strategy...
2025-08-10 10:38:20 - TrendMomentumX - INFO - Configuration: {'instrument': 'ES', 'timeframes': ['15sec', '1min', '5min', '15min'], 'risk': {'per_trade': 0.005, 'rr_ratio': 2.0, 'max_daily_loss': 0.03, 'max_weekly_loss': 0.05, 'max_concurrent': 3}, 'filters': {'volume_threshold': 0.2, 'imbalance_long': 1.5, 'imbalance_short': 0.6667, 'iceberg_check': True}, 'indicators': {'ema': {'fast': 50, 'slow': 200}, 'macd': {'fast': 12, 'slow': 26, 'signal': 9}, 'rsi': {'period': 14, 'oversold': 30, 'overbought': 70}, 'wae': {'sensitivity': 150}, 'sar': {'af': 0.02, 'max_af': 0.2}}, 'exits': {'time_minutes': 5, 'breakeven_trigger': 1.0, 'breakeven_offset_ticks': 5}, 'mode': 'live'}
2025-08-10 10:38:20 - TrendMomentumX - WARNING - EventBus not found, cannot subscribe to events
2025-08-10 10:38:20 - TrendMomentumX - INFO - Strategy initialized successfully
2025-08-10 10:38:20 - TrendMomentumX - INFO - Initializing TrendMomentumX Strategy...
2025-08-10 10:38:20 - TrendMomentumX - INFO - Configuration: {'instrument': 'ES', 'timeframes': ['15sec', '1min', '5min', '15min'], 'risk': {'per_trade': 0.005, 'rr_ratio': 2.0, 'max_daily_loss': 0.03, 'max_weekly_loss': 0.05, 'max_concurrent': 3}, 'filters': {'volume_threshold': 0.2, 'imbalance_long': 1.5, 'imbalance_short': 0.6667, 'iceberg_check': True}, 'indicators': {'ema': {'fast': 50, 'slow': 200}, 'macd': {'fast': 12, 'slow': 26, 'signal': 9}, 'rsi': {'period': 14, 'oversold': 30, 'overbought': 70}, 'wae': {'sensitivity': 150}, 'sar': {'af': 0.02, 'max_af': 0.2}}, 'exits': {'time_minutes': 5, 'breakeven_trigger': 1.0, 'breakeven_offset_ticks': 5}, 'mode': 'live'}
2025-08-10 10:38:20 - TrendMomentumX - WARNING - EventBus not found, cannot subscribe to events
2025-08-10 10:38:20 - TrendMomentumX - INFO - Strategy initialized successfully
2025-08-10 10:38:20 - TrendMomentumX - INFO - Initializing TrendMomentumX Strategy...
2025-08-10 10:38:20 - TrendMomentumX - INFO - Configuration: {'instrument': 'ES', 'timeframes': ['15sec', '1min', '5min', '15min'], 'risk': {'per_trade': 0.005, 'rr_ratio': 2.0, 'max_daily_loss': 0.03, 'max_weekly_loss': 0.05, 'max_concurrent': 3}, 'filters': {'volume_threshold': 0.2, 'imbalance_long': 1.5, 'imbalance_short': 0.6667, 'iceberg_check': True}, 'indicators': {'ema': {'fast': 50, 'slow': 200}, 'macd': {'fast': 12, 'slow': 26, 'signal': 9}, 'rsi': {'period': 14, 'oversold': 30, 'overbought': 70}, 'wae': {'sensitivity': 150}, 'sar': {'af': 0.02, 'max_af': 0.2}}, 'exits': {'time_minutes': 5, 'breakeven_trigger': 1.0, 'breakeven_offset_ticks': 5}, 'mode': 'live'}
2025-08-10 10:38:20 - TrendMomentumX - WARNING - EventBus not found, cannot subscribe to events
2025-08-10 10:38:20 - TrendMomentumX - INFO - Strategy initialized successfully
2025-08-10 10:38:20 - TrendMomentumX - INFO - Initializing TrendMomentumX Strategy...
2025-08-10 10:38:20 - TrendMomentumX - INFO - Configuration: {'instrument': 'ES', 'timeframes': ['15sec', '1min', '5min', '15min'], 'risk': {'per_trade': 0.005, 'rr_ratio': 2.0, 'max_daily_loss': 0.03, 'max_weekly_loss': 0.05, 'max_concurrent': 3}, 'filters': {'volume_threshold': 0.2, 'imbalance_long': 1.5, 'imbalance_short': 0.6667, 'iceberg_check': True}, 'indicators': {'ema': {'fast': 50, 'slow': 200}, 'macd': {'fast': 12, 'slow': 26, 'signal': 9}, 'rsi': {'period': 14, 'oversold': 30, 'overbought': 70}, 'wae': {'sensitivity': 150}, 'sar': {'af': 0.02, 'max_af': 0.2}}, 'exits': {'time_minutes': 5, 'breakeven_trigger': 1.0, 'breakeven_offset_ticks': 5}, 'mode': 'live'}
2025-08-10 10:38:20 - TrendMomentumX - WARNING - EventBus not found, cannot subscribe to events
2025-08-10 10:38:20 - TrendMomentumX - INFO - Strategy initialized successfully
2025-08-10 10:38:20 - TrendMomentumX - INFO - Attempting to enter long trade. Entry ~5000.00, Stop=4995.00, Target=5010.00
2025-08-10 10:38:20 - TrendMomentumX - INFO - Managed trade submitted successfully. Entry Order ID: 12345
2025-08-10 10:38:20 - TrendMomentumX - INFO - Initializing TrendMomentumX Strategy...
2025-08-10 10:38:20 - TrendMomentumX - INFO - Configuration: {'instrument': 'ES', 'timeframes': ['15sec', '1min', '5min', '15min'], 'risk': {'per_trade': 0.005, 'rr_ratio': 2.0, 'max_daily_loss': 0.03, 'max_weekly_loss': 0.05, 'max_concurrent': 3}, 'filters': {'volume_threshold': 0.2, 'imbalance_long': 1.5, 'imbalance_short': 0.6667, 'iceberg_check': True}, 'indicators': {'ema': {'fast': 50, 'slow': 200}, 'macd': {'fast': 12, 'slow': 26, 'signal': 9}, 'rsi': {'period': 14, 'oversold': 30, 'overbought': 70}, 'wae': {'sensitivity': 150}, 'sar': {'af': 0.02, 'max_af': 0.2}}, 'exits': {'time_minutes': 5, 'breakeven_trigger': 1.0, 'breakeven_offset_ticks': 5}, 'mode': 'live'}
2025-08-10 10:38:20 - TrendMomentumX - WARNING - EventBus not found, cannot subscribe to events
2025-08-10 10:38:20 - TrendMomentumX - INFO - Strategy initialized successfully
2025-08-10 10:38:20 - TrendMomentumX - INFO - Entry order 123 filled at 5000.0
2025-08-10 10:38:20 - TrendMomentumX - INFO - Initializing TrendMomentumX Strategy...
2025-08-10 10:38:20 - TrendMomentumX - INFO - Configuration: {'instrument': 'ES', 'timeframes': ['15sec', '1min', '5min', '15min'], 'risk': {'per_trade': 0.005, 'rr_ratio': 2.0, 'max_daily_loss': 0.03, 'max_weekly_loss': 0.05, 'max_concurrent': 3}, 'filters': {'volume_threshold': 0.2, 'imbalance_long': 1.5, 'imbalance_short': 0.6667, 'iceberg_check': True}, 'indicators': {'ema': {'fast': 50, 'slow': 200}, 'macd': {'fast': 12, 'slow': 26, 'signal': 9}, 'rsi': {'period': 14, 'oversold': 30, 'overbought': 70}, 'wae': {'sensitivity': 150}, 'sar': {'af': 0.02, 'max_af': 0.2}}, 'exits': {'time_minutes': 5, 'breakeven_trigger': 1.0, 'breakeven_offset_ticks': 5}, 'mode': 'live'}
2025-08-10 10:38:20 - TrendMomentumX - WARNING - EventBus not found, cannot subscribe to events
2025-08-10 10:38:20 - TrendMomentumX - INFO - Strategy initialized successfully
2025-08-10 10:38:20 - TrendMomentumX - WARNING - Entry order 123 failed with status: ORDER_REJECTED
2025-08-10 10:38:20 - TrendMomentumX - INFO - Initializing TrendMomentumX Strategy...
2025-08-10 10:38:20 - TrendMomentumX - INFO - Configuration: {'instrument': 'ES', 'timeframes': ['15sec', '1min', '5min', '15min'], 'risk': {'per_trade': 0.005, 'rr_ratio': 2.0, 'max_daily_loss': 0.03, 'max_weekly_loss': 0.05, 'max_concurrent': 3}, 'filters': {'volume_threshold': 0.2, 'imbalance_long': 1.5, 'imbalance_short': 0.6667, 'iceberg_check': True}, 'indicators': {'ema': {'fast': 50, 'slow': 200}, 'macd': {'fast': 12, 'slow': 26, 'signal': 9}, 'rsi': {'period': 14, 'oversold': 30, 'overbought': 70}, 'wae': {'sensitivity': 150}, 'sar': {'af': 0.02, 'max_af': 0.2}}, 'exits': {'time_minutes': 5, 'breakeven_trigger': 1.0, 'breakeven_offset_ticks': 5}, 'mode': 'live'}
2025-08-10 10:38:20 - TrendMomentumX - WARNING - EventBus not found, cannot subscribe to events
2025-08-10 10:38:20 - TrendMomentumX - INFO - Strategy initialized successfully
2025-08-10 10:38:20 - TrendMomentumX - INFO - Shutting down strategy...
2025-08-10 10:38:20 - TrendMomentumX - WARNING - Closing 2 active positions...
2025-08-10 10:38:20 - TrendMomentumX - INFO - Strategy shutdown complete
2025-08-10 10:38:20 - TrendMomentumX - INFO - Initializing TrendMomentumX Strategy...
2025-08-10 10:38:20 - TrendMomentumX - INFO - Configuration: {'instrument': 'ES', 'timeframes': ['15sec', '1min', '5min', '15min'], 'risk': {'per_trade': 0.005, 'rr_ratio': 2.0, 'max_daily_loss': 0.03, 'max_weekly_loss': 0.05, 'max_concurrent': 3}, 'filters': {'volume_threshold': 0.2, 'imbalance_long': 1.5, 'imbalance_short': 0.6667, 'iceberg_check': True}, 'indicators': {'ema': {'fast': 50, 'slow': 200}, 'macd': {'fast': 12, 'slow': 26, 'signal': 9}, 'rsi': {'period': 14, 'oversold': 30, 'overbought': 70}, 'wae': {'sensitivity': 150}, 'sar': {'af': 0.02, 'max_af': 0.2}}, 'exits': {'time_minutes': 5, 'breakeven_trigger': 1.0, 'breakeven_offset_ticks': 5}, 'mode': 'live'}
2025-08-10 10:38:20 - TrendMomentumX - WARNING - EventBus not found, cannot subscribe to events
2025-08-10 10:38:20 - TrendMomentumX - INFO - Strategy initialized successfully
2025-08-10 10:38:20 - TrendMomentumX - INFO - Long signal detected: {'signal': 'valid'}
2025-08-10 10:38:20 - TrendMomentumX - INFO - Long entry confirmed by orderbook
2025-08-10 10:38:20 - TrendMomentumX - INFO - Initializing TrendMomentumX Strategy...
2025-08-10 10:38:20 - TrendMomentumX - INFO - Configuration: {'instrument': 'ES', 'timeframes': ['15sec', '1min', '5min', '15min'], 'risk': {'per_trade': 0.005, 'rr_ratio': 2.0, 'max_daily_loss': 0.03, 'max_weekly_loss': 0.05, 'max_concurrent': 3}, 'filters': {'volume_threshold': 0.2, 'imbalance_long': 1.5, 'imbalance_short': 0.6667, 'iceberg_check': True}, 'indicators': {'ema': {'fast': 50, 'slow': 200}, 'macd': {'fast': 12, 'slow': 26, 'signal': 9}, 'rsi': {'period': 14, 'oversold': 30, 'overbought': 70}, 'wae': {'sensitivity': 150}, 'sar': {'af': 0.02, 'max_af': 0.2}}, 'exits': {'time_minutes': 5, 'breakeven_trigger': 1.0, 'breakeven_offset_ticks': 5}, 'mode': 'live'}
2025-08-10 10:38:20 - TrendMomentumX - WARNING - EventBus not found, cannot subscribe to events
2025-08-10 10:38:20 - TrendMomentumX - INFO - Strategy initialized successfully
2025-08-10 10:38:20 - TrendMomentumX - INFO - Short signal detected: {'signal': 'valid'}
2025-08-10 10:39:08 - TrendMomentumX - INFO - Initializing TrendMomentumX Strategy...
2025-08-10 10:39:08 - TrendMomentumX - INFO - Configuration: {'instrument': 'ES', 'timeframes': ['15sec', '1min', '5min', '15min'], 'risk': {'per_trade': 0.005, 'rr_ratio': 2.0, 'max_daily_loss': 0.03, 'max_weekly_loss': 0.05, 'max_concurrent': 3}, 'filters': {'volume_threshold': 0.2, 'imbalance_long': 1.5, 'imbalance_short': 0.6667, 'iceberg_check': True}, 'indicators': {'ema': {'fast': 50, 'slow': 200}, 'macd': {'fast': 12, 'slow': 26, 'signal': 9}, 'rsi': {'period': 14, 'oversold': 30, 'overbought': 70}, 'wae': {'sensitivity': 150}, 'sar': {'af': 0.02, 'max_af': 0.2}}, 'exits': {'time_minutes': 5, 'breakeven_trigger': 1.0, 'breakeven_offset_ticks': 5}, 'mode': 'live'}
2025-08-10 10:39:08 - TrendMomentumX - WARNING - EventBus not found, cannot subscribe to events
2025-08-10 10:39:08 - TrendMomentumX - INFO - Strategy initialized successfully
2025-08-10 10:39:08 - TrendMomentumX - INFO - Initializing TrendMomentumX Strategy...
2025-08-10 10:39:08 - TrendMomentumX - INFO - Configuration: {'instrument': 'ES', 'timeframes': ['15sec', '1min', '5min', '15min'], 'risk': {'per_trade': 0.005, 'rr_ratio': 2.0, 'max_daily_loss': 0.03, 'max_weekly_loss': 0.05, 'max_concurrent': 3}, 'filters': {'volume_threshold': 0.2, 'imbalance_long': 1.5, 'imbalance_short': 0.6667, 'iceberg_check': True}, 'indicators': {'ema': {'fast': 50, 'slow': 200}, 'macd': {'fast': 12, 'slow': 26, 'signal': 9}, 'rsi': {'period': 14, 'oversold': 30, 'overbought': 70}, 'wae': {'sensitivity': 150}, 'sar': {'af': 0.02, 'max_af': 0.2}}, 'exits': {'time_minutes': 5, 'breakeven_trigger': 1.0, 'breakeven_offset_ticks': 5}, 'mode': 'live'}
2025-08-10 10:39:08 - TrendMomentumX - WARNING - EventBus not found, cannot subscribe to events
2025-08-10 10:39:08 - TrendMomentumX - INFO - Strategy initialized successfully
2025-08-10 10:39:08 - TrendMomentumX - INFO - Initializing TrendMomentumX Strategy...
2025-08-10 10:39:08 - TrendMomentumX - INFO - Configuration: {'instrument': 'ES', 'timeframes': ['15sec', '1min', '5min', '15min'], 'risk': {'per_trade': 0.005, 'rr_ratio': 2.0, 'max_daily_loss': 0.03, 'max_weekly_loss': 0.05, 'max_concurrent': 3}, 'filters': {'volume_threshold': 0.2, 'imbalance_long': 1.5, 'imbalance_short': 0.6667, 'iceberg_check': True}, 'indicators': {'ema': {'fast': 50, 'slow': 200}, 'macd': {'fast': 12, 'slow': 26, 'signal': 9}, 'rsi': {'period': 14, 'oversold': 30, 'overbought': 70}, 'wae': {'sensitivity': 150}, 'sar': {'af': 0.02, 'max_af': 0.2}}, 'exits': {'time_minutes': 5, 'breakeven_trigger': 1.0, 'breakeven_offset_ticks': 5}, 'mode': 'live'}
2025-08-10 10:39:08 - TrendMomentumX - WARNING - EventBus not found, cannot subscribe to events
2025-08-10 10:39:08 - TrendMomentumX - INFO - Strategy initialized successfully
2025-08-10 10:39:08 - TrendMomentumX - INFO - Initializing TrendMomentumX Strategy...
2025-08-10 10:39:08 - TrendMomentumX - INFO - Configuration: {'instrument': 'ES', 'timeframes': ['15sec', '1min', '5min', '15min'], 'risk': {'per_trade': 0.005, 'rr_ratio': 2.0, 'max_daily_loss': 0.03, 'max_weekly_loss': 0.05, 'max_concurrent': 3}, 'filters': {'volume_threshold': 0.2, 'imbalance_long': 1.5, 'imbalance_short': 0.6667, 'iceberg_check': True}, 'indicators': {'ema': {'fast': 50, 'slow': 200}, 'macd': {'fast': 12, 'slow': 26, 'signal': 9}, 'rsi': {'period': 14, 'oversold': 30, 'overbought': 70}, 'wae': {'sensitivity': 150}, 'sar': {'af': 0.02, 'max_af': 0.2}}, 'exits': {'time_minutes': 5, 'breakeven_trigger': 1.0, 'breakeven_offset_ticks': 5}, 'mode': 'live'}
2025-08-10 10:39:08 - TrendMomentumX - WARNING - EventBus not found, cannot subscribe to events
2025-08-10 10:39:08 - TrendMomentumX - INFO - Strategy initialized successfully
2025-08-10 10:39:08 - TrendMomentumX - INFO - Initializing TrendMomentumX Strategy...
2025-08-10 10:39:08 - TrendMomentumX - INFO - Configuration: {'instrument': 'ES', 'timeframes': ['15sec', '1min', '5min', '15min'], 'risk': {'per_trade': 0.005, 'rr_ratio': 2.0, 'max_daily_loss': 0.03, 'max_weekly_loss': 0.05, 'max_concurrent': 3}, 'filters': {'volume_threshold': 0.2, 'imbalance_long': 1.5, 'imbalance_short': 0.6667, 'iceberg_check': True}, 'indicators': {'ema': {'fast': 50, 'slow': 200}, 'macd': {'fast': 12, 'slow': 26, 'signal': 9}, 'rsi': {'period': 14, 'oversold': 30, 'overbought': 70}, 'wae': {'sensitivity': 150}, 'sar': {'af': 0.02, 'max_af': 0.2}}, 'exits': {'time_minutes': 5, 'breakeven_trigger': 1.0, 'breakeven_offset_ticks': 5}, 'mode': 'live'}
2025-08-10 10:39:08 - TrendMomentumX - WARNING - EventBus not found, cannot subscribe to events
2025-08-10 10:39:08 - TrendMomentumX - INFO - Strategy initialized successfully
2025-08-10 10:39:08 - TrendMomentumX - INFO - Initializing TrendMomentumX Strategy...
2025-08-10 10:39:08 - TrendMomentumX - INFO - Configuration: {'instrument': 'ES', 'timeframes': ['15sec', '1min', '5min', '15min'], 'risk': {'per_trade': 0.005, 'rr_ratio': 2.0, 'max_daily_loss': 0.03, 'max_weekly_loss': 0.05, 'max_concurrent': 3}, 'filters': {'volume_threshold': 0.2, 'imbalance_long': 1.5, 'imbalance_short': 0.6667, 'iceberg_check': True}, 'indicators': {'ema': {'fast': 50, 'slow': 200}, 'macd': {'fast': 12, 'slow': 26, 'signal': 9}, 'rsi': {'period': 14, 'oversold': 30, 'overbought': 70}, 'wae': {'sensitivity': 150}, 'sar': {'af': 0.02, 'max_af': 0.2}}, 'exits': {'time_minutes': 5, 'breakeven_trigger': 1.0, 'breakeven_offset_ticks': 5}, 'mode': 'live'}
2025-08-10 10:39:08 - TrendMomentumX - WARNING - EventBus not found, cannot subscribe to events
2025-08-10 10:39:08 - TrendMomentumX - INFO - Strategy initialized successfully
2025-08-10 10:39:08 - TrendMomentumX - INFO - Attempting to enter long trade. Entry ~5000.00, Stop=4995.00, Target=5010.00
2025-08-10 10:39:08 - TrendMomentumX - INFO - Managed trade submitted successfully. Entry Order ID: 12345
2025-08-10 10:39:08 - TrendMomentumX - INFO - Initializing TrendMomentumX Strategy...
2025-08-10 10:39:08 - TrendMomentumX - INFO - Configuration: {'instrument': 'ES', 'timeframes': ['15sec', '1min', '5min', '15min'], 'risk': {'per_trade': 0.005, 'rr_ratio': 2.0, 'max_daily_loss': 0.03, 'max_weekly_loss': 0.05, 'max_concurrent': 3}, 'filters': {'volume_threshold': 0.2, 'imbalance_long': 1.5, 'imbalance_short': 0.6667, 'iceberg_check': True}, 'indicators': {'ema': {'fast': 50, 'slow': 200}, 'macd': {'fast': 12, 'slow': 26, 'signal': 9}, 'rsi': {'period': 14, 'oversold': 30, 'overbought': 70}, 'wae': {'sensitivity': 150}, 'sar': {'af': 0.02, 'max_af': 0.2}}, 'exits': {'time_minutes': 5, 'breakeven_trigger': 1.0, 'breakeven_offset_ticks': 5}, 'mode': 'live'}
2025-08-10 10:39:08 - TrendMomentumX - WARNING - EventBus not found, cannot subscribe to events
2025-08-10 10:39:08 - TrendMomentumX - INFO - Strategy initialized successfully
2025-08-10 10:39:08 - TrendMomentumX - INFO - Entry order 123 filled at 5000.0
2025-08-10 10:39:08 - TrendMomentumX - INFO - Initializing TrendMomentumX Strategy...
2025-08-10 10:39:08 - TrendMomentumX - INFO - Configuration: {'instrument': 'ES', 'timeframes': ['15sec', '1min', '5min', '15min'], 'risk': {'per_trade': 0.005, 'rr_ratio': 2.0, 'max_daily_loss': 0.03, 'max_weekly_loss': 0.05, 'max_concurrent': 3}, 'filters': {'volume_threshold': 0.2, 'imbalance_long': 1.5, 'imbalance_short': 0.6667, 'iceberg_check': True}, 'indicators': {'ema': {'fast': 50, 'slow': 200}, 'macd': {'fast': 12, 'slow': 26, 'signal': 9}, 'rsi': {'period': 14, 'oversold': 30, 'overbought': 70}, 'wae': {'sensitivity': 150}, 'sar': {'af': 0.02, 'max_af': 0.2}}, 'exits': {'time_minutes': 5, 'breakeven_trigger': 1.0, 'breakeven_offset_ticks': 5}, 'mode': 'live'}
2025-08-10 10:39:08 - TrendMomentumX - WARNING - EventBus not found, cannot subscribe to events
2025-08-10 10:39:08 - TrendMomentumX - INFO - Strategy initialized successfully
2025-08-10 10:39:08 - TrendMomentumX - WARNING - Entry order 123 failed with status: ORDER_REJECTED
2025-08-10 10:39:08 - TrendMomentumX - INFO - Initializing TrendMomentumX Strategy...
2025-08-10 10:39:08 - TrendMomentumX - INFO - Configuration: {'instrument': 'ES', 'timeframes': ['15sec', '1min', '5min', '15min'], 'risk': {'per_trade': 0.005, 'rr_ratio': 2.0, 'max_daily_loss': 0.03, 'max_weekly_loss': 0.05, 'max_concurrent': 3}, 'filters': {'volume_threshold': 0.2, 'imbalance_long': 1.5, 'imbalance_short': 0.6667, 'iceberg_check': True}, 'indicators': {'ema': {'fast': 50, 'slow': 200}, 'macd': {'fast': 12, 'slow': 26, 'signal': 9}, 'rsi': {'period': 14, 'oversold': 30, 'overbought': 70}, 'wae': {'sensitivity': 150}, 'sar': {'af': 0.02, 'max_af': 0.2}}, 'exits': {'time_minutes': 5, 'breakeven_trigger': 1.0, 'breakeven_offset_ticks': 5}, 'mode': 'live'}
2025-08-10 10:39:08 - TrendMomentumX - WARNING - EventBus not found, cannot subscribe to events
2025-08-10 10:39:08 - TrendMomentumX - INFO - Strategy initialized successfully
2025-08-10 10:39:08 - TrendMomentumX - INFO - Shutting down strategy...
2025-08-10 10:39:08 - TrendMomentumX - WARNING - Closing 2 active positions...
2025-08-10 10:39:08 - TrendMomentumX - INFO - Strategy shutdown complete
2025-08-10 10:39:08 - TrendMomentumX - INFO - Initializing TrendMomentumX Strategy...
2025-08-10 10:39:08 - TrendMomentumX - INFO - Configuration: {'instrument': 'ES', 'timeframes': ['15sec', '1min', '5min', '15min'], 'risk': {'per_trade': 0.005, 'rr_ratio': 2.0, 'max_daily_loss': 0.03, 'max_weekly_loss': 0.05, 'max_concurrent': 3}, 'filters': {'volume_threshold': 0.2, 'imbalance_long': 1.5, 'imbalance_short': 0.6667, 'iceberg_check': True}, 'indicators': {'ema': {'fast': 50, 'slow': 200}, 'macd': {'fast': 12, 'slow': 26, 'signal': 9}, 'rsi': {'period': 14, 'oversold': 30, 'overbought': 70}, 'wae': {'sensitivity': 150}, 'sar': {'af': 0.02, 'max_af': 0.2}}, 'exits': {'time_minutes': 5, 'breakeven_trigger': 1.0, 'breakeven_offset_ticks': 5}, 'mode': 'live'}
2025-08-10 10:39:08 - TrendMomentumX - WARNING - EventBus not found, cannot subscribe to events
2025-08-10 10:39:08 - TrendMomentumX - INFO - Strategy initialized successfully
2025-08-10 10:39:08 - TrendMomentumX - INFO - Long signal detected: {'signal': 'valid'}
2025-08-10 10:39:08 - TrendMomentumX - INFO - Long entry confirmed by orderbook
2025-08-10 10:39:08 - TrendMomentumX - INFO - Initializing TrendMomentumX Strategy...
2025-08-10 10:39:08 - TrendMomentumX - INFO - Configuration: {'instrument': 'ES', 'timeframes': ['15sec', '1min', '5min', '15min'], 'risk': {'per_trade': 0.005, 'rr_ratio': 2.0, 'max_daily_loss': 0.03, 'max_weekly_loss': 0.05, 'max_concurrent': 3}, 'filters': {'volume_threshold': 0.2, 'imbalance_long': 1.5, 'imbalance_short': 0.6667, 'iceberg_check': True}, 'indicators': {'ema': {'fast': 50, 'slow': 200}, 'macd': {'fast': 12, 'slow': 26, 'signal': 9}, 'rsi': {'period': 14, 'oversold': 30, 'overbought': 70}, 'wae': {'sensitivity': 150}, 'sar': {'af': 0.02, 'max_af': 0.2}}, 'exits': {'time_minutes': 5, 'breakeven_trigger': 1.0, 'breakeven_offset_ticks': 5}, 'mode': 'live'}
2025-08-10 10:39:08 - TrendMomentumX - WARNING - EventBus not found, cannot subscribe to events
2025-08-10 10:39:08 - TrendMomentumX - INFO - Strategy initialized successfully
2025-08-10 10:39:08 - TrendMomentumX - INFO - Short signal detected: {'signal': 'valid'}
2025-08-10 10:39:20 - TrendMomentumX - INFO - Initializing TrendMomentumX Strategy...
2025-08-10 10:39:20 - TrendMomentumX - INFO - Configuration: {'instrument': 'ES', 'timeframes': ['15sec', '1min', '5min', '15min'], 'risk': {'per_trade': 0.005, 'rr_ratio': 2.0, 'max_daily_loss': 0.03, 'max_weekly_loss': 0.05, 'max_concurrent': 3}, 'filters': {'volume_threshold': 0.2, 'imbalance_long': 1.5, 'imbalance_short': 0.6667, 'iceberg_check': True}, 'indicators': {'ema': {'fast': 50, 'slow': 200}, 'macd': {'fast': 12, 'slow': 26, 'signal': 9}, 'rsi': {'period': 14, 'oversold': 30, 'overbought': 70}, 'wae': {'sensitivity': 150}, 'sar': {'af': 0.02, 'max_af': 0.2}}, 'exits': {'time_minutes': 5, 'breakeven_trigger': 1.0, 'breakeven_offset_ticks': 5}, 'mode': 'live'}
2025-08-10 10:39:20 - TrendMomentumX - WARNING - EventBus not found, cannot subscribe to events
2025-08-10 10:39:20 - TrendMomentumX - INFO - Strategy initialized successfully
2025-08-10 10:39:20 - TrendMomentumX - INFO - Initializing TrendMomentumX Strategy...
2025-08-10 10:39:20 - TrendMomentumX - INFO - Configuration: {'instrument': 'ES', 'timeframes': ['15sec', '1min', '5min', '15min'], 'risk': {'per_trade': 0.005, 'rr_ratio': 2.0, 'max_daily_loss': 0.03, 'max_weekly_loss': 0.05, 'max_concurrent': 3}, 'filters': {'volume_threshold': 0.2, 'imbalance_long': 1.5, 'imbalance_short': 0.6667, 'iceberg_check': True}, 'indicators': {'ema': {'fast': 50, 'slow': 200}, 'macd': {'fast': 12, 'slow': 26, 'signal': 9}, 'rsi': {'period': 14, 'oversold': 30, 'overbought': 70}, 'wae': {'sensitivity': 150}, 'sar': {'af': 0.02, 'max_af': 0.2}}, 'exits': {'time_minutes': 5, 'breakeven_trigger': 1.0, 'breakeven_offset_ticks': 5}, 'mode': 'live'}
2025-08-10 10:39:20 - TrendMomentumX - WARNING - EventBus not found, cannot subscribe to events
2025-08-10 10:39:20 - TrendMomentumX - INFO - Strategy initialized successfully
2025-08-10 10:39:20 - TrendMomentumX - INFO - Initializing TrendMomentumX Strategy...
2025-08-10 10:39:20 - TrendMomentumX - INFO - Configuration: {'instrument': 'ES', 'timeframes': ['15sec', '1min', '5min', '15min'], 'risk': {'per_trade': 0.005, 'rr_ratio': 2.0, 'max_daily_loss': 0.03, 'max_weekly_loss': 0.05, 'max_concurrent': 3}, 'filters': {'volume_threshold': 0.2, 'imbalance_long': 1.5, 'imbalance_short': 0.6667, 'iceberg_check': True}, 'indicators': {'ema': {'fast': 50, 'slow': 200}, 'macd': {'fast': 12, 'slow': 26, 'signal': 9}, 'rsi': {'period': 14, 'oversold': 30, 'overbought': 70}, 'wae': {'sensitivity': 150}, 'sar': {'af': 0.02, 'max_af': 0.2}}, 'exits': {'time_minutes': 5, 'breakeven_trigger': 1.0, 'breakeven_offset_ticks': 5}, 'mode': 'live'}
2025-08-10 10:39:20 - TrendMomentumX - WARNING - EventBus not found, cannot subscribe to events
2025-08-10 10:39:20 - TrendMomentumX - INFO - Strategy initialized successfully
2025-08-10 10:39:20 - TrendMomentumX - INFO - Initializing TrendMomentumX Strategy...
2025-08-10 10:39:20 - TrendMomentumX - INFO - Configuration: {'instrument': 'ES', 'timeframes': ['15sec', '1min', '5min', '15min'], 'risk': {'per_trade': 0.005, 'rr_ratio': 2.0, 'max_daily_loss': 0.03, 'max_weekly_loss': 0.05, 'max_concurrent': 3}, 'filters': {'volume_threshold': 0.2, 'imbalance_long': 1.5, 'imbalance_short': 0.6667, 'iceberg_check': True}, 'indicators': {'ema': {'fast': 50, 'slow': 200}, 'macd': {'fast': 12, 'slow': 26, 'signal': 9}, 'rsi': {'period': 14, 'oversold': 30, 'overbought': 70}, 'wae': {'sensitivity': 150}, 'sar': {'af': 0.02, 'max_af': 0.2}}, 'exits': {'time_minutes': 5, 'breakeven_trigger': 1.0, 'breakeven_offset_ticks': 5}, 'mode': 'live'}
2025-08-10 10:39:20 - TrendMomentumX - WARNING - EventBus not found, cannot subscribe to events
2025-08-10 10:39:20 - TrendMomentumX - INFO - Strategy initialized successfully
2025-08-10 10:39:20 - TrendMomentumX - INFO - Initializing TrendMomentumX Strategy...
2025-08-10 10:39:20 - TrendMomentumX - INFO - Configuration: {'instrument': 'ES', 'timeframes': ['15sec', '1min', '5min', '15min'], 'risk': {'per_trade': 0.005, 'rr_ratio': 2.0, 'max_daily_loss': 0.03, 'max_weekly_loss': 0.05, 'max_concurrent': 3}, 'filters': {'volume_threshold': 0.2, 'imbalance_long': 1.5, 'imbalance_short': 0.6667, 'iceberg_check': True}, 'indicators': {'ema': {'fast': 50, 'slow': 200}, 'macd': {'fast': 12, 'slow': 26, 'signal': 9}, 'rsi': {'period': 14, 'oversold': 30, 'overbought': 70}, 'wae': {'sensitivity': 150}, 'sar': {'af': 0.02, 'max_af': 0.2}}, 'exits': {'time_minutes': 5, 'breakeven_trigger': 1.0, 'breakeven_offset_ticks': 5}, 'mode': 'live'}
2025-08-10 10:39:20 - TrendMomentumX - WARNING - EventBus not found, cannot subscribe to events
2025-08-10 10:39:20 - TrendMomentumX - INFO - Strategy initialized successfully
2025-08-10 10:39:20 - TrendMomentumX - INFO - Initializing TrendMomentumX Strategy...
2025-08-10 10:39:20 - TrendMomentumX - INFO - Configuration: {'instrument': 'ES', 'timeframes': ['15sec', '1min', '5min', '15min'], 'risk': {'per_trade': 0.005, 'rr_ratio': 2.0, 'max_daily_loss': 0.03, 'max_weekly_loss': 0.05, 'max_concurrent': 3}, 'filters': {'volume_threshold': 0.2, 'imbalance_long': 1.5, 'imbalance_short': 0.6667, 'iceberg_check': True}, 'indicators': {'ema': {'fast': 50, 'slow': 200}, 'macd': {'fast': 12, 'slow': 26, 'signal': 9}, 'rsi': {'period': 14, 'oversold': 30, 'overbought': 70}, 'wae': {'sensitivity': 150}, 'sar': {'af': 0.02, 'max_af': 0.2}}, 'exits': {'time_minutes': 5, 'breakeven_trigger': 1.0, 'breakeven_offset_ticks': 5}, 'mode': 'live'}
2025-08-10 10:39:20 - TrendMomentumX - WARNING - EventBus not found, cannot subscribe to events
2025-08-10 10:39:20 - TrendMomentumX - INFO - Strategy initialized successfully
2025-08-10 10:39:20 - TrendMomentumX - INFO - Attempting to enter long trade. Entry ~5000.00, Stop=4995.00, Target=5010.00
2025-08-10 10:39:20 - TrendMomentumX - INFO - Managed trade submitted successfully. Entry Order ID: 12345
2025-08-10 10:39:20 - TrendMomentumX - INFO - Initializing TrendMomentumX Strategy...
2025-08-10 10:39:20 - TrendMomentumX - INFO - Configuration: {'instrument': 'ES', 'timeframes': ['15sec', '1min', '5min', '15min'], 'risk': {'per_trade': 0.005, 'rr_ratio': 2.0, 'max_daily_loss': 0.03, 'max_weekly_loss': 0.05, 'max_concurrent': 3}, 'filters': {'volume_threshold': 0.2, 'imbalance_long': 1.5, 'imbalance_short': 0.6667, 'iceberg_check': True}, 'indicators': {'ema': {'fast': 50, 'slow': 200}, 'macd': {'fast': 12, 'slow': 26, 'signal': 9}, 'rsi': {'period': 14, 'oversold': 30, 'overbought': 70}, 'wae': {'sensitivity': 150}, 'sar': {'af': 0.02, 'max_af': 0.2}}, 'exits': {'time_minutes': 5, 'breakeven_trigger': 1.0, 'breakeven_offset_ticks': 5}, 'mode': 'live'}
2025-08-10 10:39:20 - TrendMomentumX - WARNING - EventBus not found, cannot subscribe to events
2025-08-10 10:39:20 - TrendMomentumX - INFO - Strategy initialized successfully
2025-08-10 10:39:20 - TrendMomentumX - INFO - Entry order 123 filled at 5000.0
2025-08-10 10:39:20 - TrendMomentumX - INFO - Initializing TrendMomentumX Strategy...
2025-08-10 10:39:20 - TrendMomentumX - INFO - Configuration: {'instrument': 'ES', 'timeframes': ['15sec', '1min', '5min', '15min'], 'risk': {'per_trade': 0.005, 'rr_ratio': 2.0, 'max_daily_loss': 0.03, 'max_weekly_loss': 0.05, 'max_concurrent': 3}, 'filters': {'volume_threshold': 0.2, 'imbalance_long': 1.5, 'imbalance_short': 0.6667, 'iceberg_check': True}, 'indicators': {'ema': {'fast': 50, 'slow': 200}, 'macd': {'fast': 12, 'slow': 26, 'signal': 9}, 'rsi': {'period': 14, 'oversold': 30, 'overbought': 70}, 'wae': {'sensitivity': 150}, 'sar': {'af': 0.02, 'max_af': 0.2}}, 'exits': {'time_minutes': 5, 'breakeven_trigger': 1.0, 'breakeven_offset_ticks': 5}, 'mode': 'live'}
2025-08-10 10:39:20 - TrendMomentumX - WARNING - EventBus not found, cannot subscribe to events
2025-08-10 10:39:20 - TrendMomentumX - INFO - Strategy initialized successfully
2025-08-10 10:39:20 - TrendMomentumX - WARNING - Entry order 123 failed with status: ORDER_REJECTED
2025-08-10 10:39:20 - TrendMomentumX - INFO - Initializing TrendMomentumX Strategy...
2025-08-10 10:39:20 - TrendMomentumX - INFO - Configuration: {'instrument': 'ES', 'timeframes': ['15sec', '1min', '5min', '15min'], 'risk': {'per_trade': 0.005, 'rr_ratio': 2.0, 'max_daily_loss': 0.03, 'max_weekly_loss': 0.05, 'max_concurrent': 3}, 'filters': {'volume_threshold': 0.2, 'imbalance_long': 1.5, 'imbalance_short': 0.6667, 'iceberg_check': True}, 'indicators': {'ema': {'fast': 50, 'slow': 200}, 'macd': {'fast': 12, 'slow': 26, 'signal': 9}, 'rsi': {'period': 14, 'oversold': 30, 'overbought': 70}, 'wae': {'sensitivity': 150}, 'sar': {'af': 0.02, 'max_af': 0.2}}, 'exits': {'time_minutes': 5, 'breakeven_trigger': 1.0, 'breakeven_offset_ticks': 5}, 'mode': 'live'}
2025-08-10 10:39:20 - TrendMomentumX - WARNING - EventBus not found, cannot subscribe to events
2025-08-10 10:39:20 - TrendMomentumX - INFO - Strategy initialized successfully
2025-08-10 10:39:20 - TrendMomentumX - INFO - Shutting down strategy...
2025-08-10 10:39:20 - TrendMomentumX - WARNING - Closing 2 active positions...
2025-08-10 10:39:20 - TrendMomentumX - INFO - Strategy shutdown complete
2025-08-10 10:39:20 - TrendMomentumX - INFO - Initializing TrendMomentumX Strategy...
2025-08-10 10:39:20 - TrendMomentumX - INFO - Configuration: {'instrument': 'ES', 'timeframes': ['15sec', '1min', '5min', '15min'], 'risk': {'per_trade': 0.005, 'rr_ratio': 2.0, 'max_daily_loss': 0.03, 'max_weekly_loss': 0.05, 'max_concurrent': 3}, 'filters': {'volume_threshold': 0.2, 'imbalance_long': 1.5, 'imbalance_short': 0.6667, 'iceberg_check': True}, 'indicators': {'ema': {'fast': 50, 'slow': 200}, 'macd': {'fast': 12, 'slow': 26, 'signal': 9}, 'rsi': {'period': 14, 'oversold': 30, 'overbought': 70}, 'wae': {'sensitivity': 150}, 'sar': {'af': 0.02, 'max_af': 0.2}}, 'exits': {'time_minutes': 5, 'breakeven_trigger': 1.0, 'breakeven_offset_ticks': 5}, 'mode': 'live'}
2025-08-10 10:39:20 - TrendMomentumX - WARNING - EventBus not found, cannot subscribe to events
2025-08-10 10:39:20 - TrendMomentumX - INFO - Strategy initialized successfully
2025-08-10 10:39:20 - TrendMomentumX - INFO - Long signal detected: {'signal': 'valid'}
2025-08-10 10:39:20 - TrendMomentumX - INFO - Long entry confirmed by orderbook
2025-08-10 10:39:20 - TrendMomentumX - INFO - Initializing TrendMomentumX Strategy...
2025-08-10 10:39:20 - TrendMomentumX - INFO - Configuration: {'instrument': 'ES', 'timeframes': ['15sec', '1min', '5min', '15min'], 'risk': {'per_trade': 0.005, 'rr_ratio': 2.0, 'max_daily_loss': 0.03, 'max_weekly_loss': 0.05, 'max_concurrent': 3}, 'filters': {'volume_threshold': 0.2, 'imbalance_long': 1.5, 'imbalance_short': 0.6667, 'iceberg_check': True}, 'indicators': {'ema': {'fast': 50, 'slow': 200}, 'macd': {'fast': 12, 'slow': 26, 'signal': 9}, 'rsi': {'period': 14, 'oversold': 30, 'overbought': 70}, 'wae': {'sensitivity': 150}, 'sar': {'af': 0.02, 'max_af': 0.2}}, 'exits': {'time_minutes': 5, 'breakeven_trigger': 1.0, 'breakeven_offset_ticks': 5}, 'mode': 'live'}
2025-08-10 10:39:20 - TrendMomentumX - WARNING - EventBus not found, cannot subscribe to events
2025-08-10 10:39:20 - TrendMomentumX - INFO - Strategy initialized successfully
2025-08-10 10:39:20 - TrendMomentumX - INFO - Short signal detected: {'signal': 'valid'}
2025-08-10 10:39:25 - TrendMomentumX - INFO - Initializing TrendMomentumX Strategy...
2025-08-10 10:39:25 - TrendMomentumX - INFO - Configuration: {'instrument': 'ES', 'timeframes': ['15sec', '1min', '5min', '15min'], 'risk': {'per_trade': 0.005, 'rr_ratio': 2.0, 'max_daily_loss': 0.03, 'max_weekly_loss': 0.05, 'max_concurrent': 3}, 'filters': {'volume_threshold': 0.2, 'imbalance_long': 1.5, 'imbalance_short': 0.6667, 'iceberg_check': True}, 'indicators': {'ema': {'fast': 50, 'slow': 200}, 'macd': {'fast': 12, 'slow': 26, 'signal': 9}, 'rsi': {'period': 14, 'oversold': 30, 'overbought': 70}, 'wae': {'sensitivity': 150}, 'sar': {'af': 0.02, 'max_af': 0.2}}, 'exits': {'time_minutes': 5, 'breakeven_trigger': 1.0, 'breakeven_offset_ticks': 5}, 'mode': 'live'}
2025-08-10 10:39:25 - TrendMomentumX - WARNING - EventBus not found, cannot subscribe to events
2025-08-10 10:39:25 - TrendMomentumX - INFO - Strategy initialized successfully
2025-08-10 10:39:25 - TrendMomentumX - INFO - Initializing TrendMomentumX Strategy...
2025-08-10 10:39:25 - TrendMomentumX - INFO - Configuration: {'instrument': 'ES', 'timeframes': ['15sec', '1min', '5min', '15min'], 'risk': {'per_trade': 0.005, 'rr_ratio': 2.0, 'max_daily_loss': 0.03, 'max_weekly_loss': 0.05, 'max_concurrent': 3}, 'filters': {'volume_threshold': 0.2, 'imbalance_long': 1.5, 'imbalance_short': 0.6667, 'iceberg_check': True}, 'indicators': {'ema': {'fast': 50, 'slow': 200}, 'macd': {'fast': 12, 'slow': 26, 'signal': 9}, 'rsi': {'period': 14, 'oversold': 30, 'overbought': 70}, 'wae': {'sensitivity': 150}, 'sar': {'af': 0.02, 'max_af': 0.2}}, 'exits': {'time_minutes': 5, 'breakeven_trigger': 1.0, 'breakeven_offset_ticks': 5}, 'mode': 'live'}
2025-08-10 10:39:25 - TrendMomentumX - WARNING - EventBus not found, cannot subscribe to events
2025-08-10 10:39:25 - TrendMomentumX - INFO - Strategy initialized successfully
2025-08-10 10:39:25 - TrendMomentumX - INFO - Initializing TrendMomentumX Strategy...
2025-08-10 10:39:25 - TrendMomentumX - INFO - Configuration: {'instrument': 'ES', 'timeframes': ['15sec', '1min', '5min', '15min'], 'risk': {'per_trade': 0.005, 'rr_ratio': 2.0, 'max_daily_loss': 0.03, 'max_weekly_loss': 0.05, 'max_concurrent': 3}, 'filters': {'volume_threshold': 0.2, 'imbalance_long': 1.5, 'imbalance_short': 0.6667, 'iceberg_check': True}, 'indicators': {'ema': {'fast': 50, 'slow': 200}, 'macd': {'fast': 12, 'slow': 26, 'signal': 9}, 'rsi': {'period': 14, 'oversold': 30, 'overbought': 70}, 'wae': {'sensitivity': 150}, 'sar': {'af': 0.02, 'max_af': 0.2}}, 'exits': {'time_minutes': 5, 'breakeven_trigger': 1.0, 'breakeven_offset_ticks': 5}, 'mode': 'live'}
2025-08-10 10:39:25 - TrendMomentumX - WARNING - EventBus not found, cannot subscribe to events
2025-08-10 10:39:25 - TrendMomentumX - INFO - Strategy initialized successfully
2025-08-10 10:39:25 - TrendMomentumX - INFO - Initializing TrendMomentumX Strategy...
2025-08-10 10:39:25 - TrendMomentumX - INFO - Configuration: {'instrument': 'ES', 'timeframes': ['15sec', '1min', '5min', '15min'], 'risk': {'per_trade': 0.005, 'rr_ratio': 2.0, 'max_daily_loss': 0.03, 'max_weekly_loss': 0.05, 'max_concurrent': 3}, 'filters': {'volume_threshold': 0.2, 'imbalance_long': 1.5, 'imbalance_short': 0.6667, 'iceberg_check': True}, 'indicators': {'ema': {'fast': 50, 'slow': 200}, 'macd': {'fast': 12, 'slow': 26, 'signal': 9}, 'rsi': {'period': 14, 'oversold': 30, 'overbought': 70}, 'wae': {'sensitivity': 150}, 'sar': {'af': 0.02, 'max_af': 0.2}}, 'exits': {'time_minutes': 5, 'breakeven_trigger': 1.0, 'breakeven_offset_ticks': 5}, 'mode': 'live'}
2025-08-10 10:39:25 - TrendMomentumX - WARNING - EventBus not found, cannot subscribe to events
2025-08-10 10:39:25 - TrendMomentumX - INFO - Strategy initialized successfully
2025-08-10 10:39:25 - TrendMomentumX - INFO - Initializing TrendMomentumX Strategy...
2025-08-10 10:39:25 - TrendMomentumX - INFO - Configuration: {'instrument': 'ES', 'timeframes': ['15sec', '1min', '5min', '15min'], 'risk': {'per_trade': 0.005, 'rr_ratio': 2.0, 'max_daily_loss': 0.03, 'max_weekly_loss': 0.05, 'max_concurrent': 3}, 'filters': {'volume_threshold': 0.2, 'imbalance_long': 1.5, 'imbalance_short': 0.6667, 'iceberg_check': True}, 'indicators': {'ema': {'fast': 50, 'slow': 200}, 'macd': {'fast': 12, 'slow': 26, 'signal': 9}, 'rsi': {'period': 14, 'oversold': 30, 'overbought': 70}, 'wae': {'sensitivity': 150}, 'sar': {'af': 0.02, 'max_af': 0.2}}, 'exits': {'time_minutes': 5, 'breakeven_trigger': 1.0, 'breakeven_offset_ticks': 5}, 'mode': 'live'}
2025-08-10 10:39:25 - TrendMomentumX - WARNING - EventBus not found, cannot subscribe to events
2025-08-10 10:39:25 - TrendMomentumX - INFO - Strategy initialized successfully
2025-08-10 10:39:25 - TrendMomentumX - INFO - Initializing TrendMomentumX Strategy...
2025-08-10 10:39:25 - TrendMomentumX - INFO - Configuration: {'instrument': 'ES', 'timeframes': ['15sec', '1min', '5min', '15min'], 'risk': {'per_trade': 0.005, 'rr_ratio': 2.0, 'max_daily_loss': 0.03, 'max_weekly_loss': 0.05, 'max_concurrent': 3}, 'filters': {'volume_threshold': 0.2, 'imbalance_long': 1.5, 'imbalance_short': 0.6667, 'iceberg_check': True}, 'indicators': {'ema': {'fast': 50, 'slow': 200}, 'macd': {'fast': 12, 'slow': 26, 'signal': 9}, 'rsi': {'period': 14, 'oversold': 30, 'overbought': 70}, 'wae': {'sensitivity': 150}, 'sar': {'af': 0.02, 'max_af': 0.2}}, 'exits': {'time_minutes': 5, 'breakeven_trigger': 1.0, 'breakeven_offset_ticks': 5}, 'mode': 'live'}
2025-08-10 10:39:25 - TrendMomentumX - WARNING - EventBus not found, cannot subscribe to events
2025-08-10 10:39:25 - TrendMomentumX - INFO - Strategy initialized successfully
2025-08-10 10:39:25 - TrendMomentumX - INFO - Attempting to enter long trade. Entry ~5000.00, Stop=4995.00, Target=5010.00
2025-08-10 10:39:25 - TrendMomentumX - INFO - Managed trade submitted successfully. Entry Order ID: 12345
2025-08-10 10:39:25 - TrendMomentumX - INFO - Initializing TrendMomentumX Strategy...
2025-08-10 10:39:25 - TrendMomentumX - INFO - Configuration: {'instrument': 'ES', 'timeframes': ['15sec', '1min', '5min', '15min'], 'risk': {'per_trade': 0.005, 'rr_ratio': 2.0, 'max_daily_loss': 0.03, 'max_weekly_loss': 0.05, 'max_concurrent': 3}, 'filters': {'volume_threshold': 0.2, 'imbalance_long': 1.5, 'imbalance_short': 0.6667, 'iceberg_check': True}, 'indicators': {'ema': {'fast': 50, 'slow': 200}, 'macd': {'fast': 12, 'slow': 26, 'signal': 9}, 'rsi': {'period': 14, 'oversold': 30, 'overbought': 70}, 'wae': {'sensitivity': 150}, 'sar': {'af': 0.02, 'max_af': 0.2}}, 'exits': {'time_minutes': 5, 'breakeven_trigger': 1.0, 'breakeven_offset_ticks': 5}, 'mode': 'live'}
2025-08-10 10:39:25 - TrendMomentumX - WARNING - EventBus not found, cannot subscribe to events
2025-08-10 10:39:25 - TrendMomentumX - INFO - Strategy initialized successfully
2025-08-10 10:39:25 - TrendMomentumX - INFO - Entry order 123 filled at 5000.0
2025-08-10 10:39:25 - TrendMomentumX - INFO - Initializing TrendMomentumX Strategy...
2025-08-10 10:39:25 - TrendMomentumX - INFO - Configuration: {'instrument': 'ES', 'timeframes': ['15sec', '1min', '5min', '15min'], 'risk': {'per_trade': 0.005, 'rr_ratio': 2.0, 'max_daily_loss': 0.03, 'max_weekly_loss': 0.05, 'max_concurrent': 3}, 'filters': {'volume_threshold': 0.2, 'imbalance_long': 1.5, 'imbalance_short': 0.6667, 'iceberg_check': True}, 'indicators': {'ema': {'fast': 50, 'slow': 200}, 'macd': {'fast': 12, 'slow': 26, 'signal': 9}, 'rsi': {'period': 14, 'oversold': 30, 'overbought': 70}, 'wae': {'sensitivity': 150}, 'sar': {'af': 0.02, 'max_af': 0.2}}, 'exits': {'time_minutes': 5, 'breakeven_trigger': 1.0, 'breakeven_offset_ticks': 5}, 'mode': 'live'}
2025-08-10 10:39:25 - TrendMomentumX - WARNING - EventBus not found, cannot subscribe to events
2025-08-10 10:39:25 - TrendMomentumX - INFO - Strategy initialized successfully
2025-08-10 10:39:25 - TrendMomentumX - WARNING - Entry order 123 failed with status: ORDER_REJECTED
2025-08-10 10:39:25 - TrendMomentumX - INFO - Initializing TrendMomentumX Strategy...
2025-08-10 10:39:25 - TrendMomentumX - INFO - Configuration: {'instrument': 'ES', 'timeframes': ['15sec', '1min', '5min', '15min'], 'risk': {'per_trade': 0.005, 'rr_ratio': 2.0, 'max_daily_loss': 0.03, 'max_weekly_loss': 0.05, 'max_concurrent': 3}, 'filters': {'volume_threshold': 0.2, 'imbalance_long': 1.5, 'imbalance_short': 0.6667, 'iceberg_check': True}, 'indicators': {'ema': {'fast': 50, 'slow': 200}, 'macd': {'fast': 12, 'slow': 26, 'signal': 9}, 'rsi': {'period': 14, 'oversold': 30, 'overbought': 70}, 'wae': {'sensitivity': 150}, 'sar': {'af': 0.02, 'max_af': 0.2}}, 'exits': {'time_minutes': 5, 'breakeven_trigger': 1.0, 'breakeven_offset_ticks': 5}, 'mode': 'live'}
2025-08-10 10:39:25 - TrendMomentumX - WARNING - EventBus not found, cannot subscribe to events
2025-08-10 10:39:25 - TrendMomentumX - INFO - Strategy initialized successfully
2025-08-10 10:39:25 - TrendMomentumX - INFO - Shutting down strategy...
2025-08-10 10:39:25 - TrendMomentumX - WARNING - Closing 2 active positions...
2025-08-10 10:39:25 - TrendMomentumX - INFO - Strategy shutdown complete
2025-08-10 10:39:25 - TrendMomentumX - INFO - Initializing TrendMomentumX Strategy...
2025-08-10 10:39:25 - TrendMomentumX - INFO - Configuration: {'instrument': 'ES', 'timeframes': ['15sec', '1min', '5min', '15min'], 'risk': {'per_trade': 0.005, 'rr_ratio': 2.0, 'max_daily_loss': 0.03, 'max_weekly_loss': 0.05, 'max_concurrent': 3}, 'filters': {'volume_threshold': 0.2, 'imbalance_long': 1.5, 'imbalance_short': 0.6667, 'iceberg_check': True}, 'indicators': {'ema': {'fast': 50, 'slow': 200}, 'macd': {'fast': 12, 'slow': 26, 'signal': 9}, 'rsi': {'period': 14, 'oversold': 30, 'overbought': 70}, 'wae': {'sensitivity': 150}, 'sar': {'af': 0.02, 'max_af': 0.2}}, 'exits': {'time_minutes': 5, 'breakeven_trigger': 1.0, 'breakeven_offset_ticks': 5}, 'mode': 'live'}
2025-08-10 10:39:25 - TrendMomentumX - WARNING - EventBus not found, cannot subscribe to events
2025-08-10 10:39:25 - TrendMomentumX - INFO - Strategy initialized successfully
2025-08-10 10:39:25 - TrendMomentumX - INFO - Long signal detected: {'signal': 'valid'}
2025-08-10 10:39:25 - TrendMomentumX - INFO - Long entry confirmed by orderbook
2025-08-10 10:39:25 - TrendMomentumX - INFO - Initializing TrendMomentumX Strategy...
2025-08-10 10:39:25 - TrendMomentumX - INFO - Configuration: {'instrument': 'ES', 'timeframes': ['15sec', '1min', '5min', '15min'], 'risk': {'per_trade': 0.005, 'rr_ratio': 2.0, 'max_daily_loss': 0.03, 'max_weekly_loss': 0.05, 'max_concurrent': 3}, 'filters': {'volume_threshold': 0.2, 'imbalance_long': 1.5, 'imbalance_short': 0.6667, 'iceberg_check': True}, 'indicators': {'ema': {'fast': 50, 'slow': 200}, 'macd': {'fast': 12, 'slow': 26, 'signal': 9}, 'rsi': {'period': 14, 'oversold': 30, 'overbought': 70}, 'wae': {'sensitivity': 150}, 'sar': {'af': 0.02, 'max_af': 0.2}}, 'exits': {'time_minutes': 5, 'breakeven_trigger': 1.0, 'breakeven_offset_ticks': 5}, 'mode': 'live'}
2025-08-10 10:39:25 - TrendMomentumX - WARNING - EventBus not found, cannot subscribe to events
2025-08-10 10:39:25 - TrendMomentumX - INFO - Strategy initialized successfully
2025-08-10 10:39:25 - TrendMomentumX - INFO - Short signal detected: {'signal': 'valid'}
